{"D:\\Claude_Project\\Personal_to-do_software\\src\\components\\CategoryManager.ts": {"path":"D:\\Claude_Project\\Personal_to-do_software\\src\\components\\CategoryManager.ts","statementMap":{"0":{"start":{"line":4,"column":22},"end":{"line":8,"column":null}},"1":{"start":{"line":10,"column":21},"end":{"line":13,"column":null}},"2":{"start":{"line":24,"column":17},"end":{"line":24,"column":null}},"3":{"start":{"line":25,"column":15},"end":{"line":25,"column":null}},"4":{"start":{"line":27,"column":25},"end":{"line":27,"column":null}},"5":{"start":{"line":27,"column":48},"end":{"line":27,"column":60}},"6":{"start":{"line":29,"column":2},"end":{"line":90,"column":null}},"7":{"start":{"line":46,"column":41},"end":{"line":51,"column":null}},"8":{"start":{"line":59,"column":40},"end":{"line":65,"column":null}},"9":{"start":{"line":81,"column":42},"end":{"line":87,"column":null}},"10":{"start":{"line":107,"column":2},"end":{"line":156,"column":null}},"11":{"start":{"line":164,"column":14},"end":{"line":164,"column":null}},"12":{"start":{"line":165,"column":2},"end":{"line":165,"column":null}},"13":{"start":{"line":166,"column":2},"end":{"line":166,"column":null}}},"fnMap":{"0":{"name":"renderCategoryManager","decl":{"start":{"line":15,"column":16},"end":{"line":15,"column":null}},"loc":{"start":{"line":23,"column":10},"end":{"line":97,"column":null}},"line":23},"1":{"name":"(anonymous_1)","decl":{"start":{"line":27,"column":43},"end":{"line":27,"column":48}},"loc":{"start":{"line":27,"column":48},"end":{"line":27,"column":60}},"line":27},"2":{"name":"(anonymous_2)","decl":{"start":{"line":46,"column":36},"end":{"line":46,"column":41}},"loc":{"start":{"line":46,"column":41},"end":{"line":51,"column":null}},"line":46},"3":{"name":"(anonymous_3)","decl":{"start":{"line":59,"column":35},"end":{"line":59,"column":40}},"loc":{"start":{"line":59,"column":40},"end":{"line":65,"column":null}},"line":59},"4":{"name":"(anonymous_4)","decl":{"start":{"line":81,"column":35},"end":{"line":81,"column":42}},"loc":{"start":{"line":81,"column":42},"end":{"line":87,"column":null}},"line":81},"5":{"name":"renderSettingsModal","decl":{"start":{"line":99,"column":16},"end":{"line":99,"column":null}},"loc":{"start":{"line":106,"column":10},"end":{"line":161,"column":null}},"line":106},"6":{"name":"escapeHtml","decl":{"start":{"line":163,"column":9},"end":{"line":163,"column":20}},"loc":{"start":{"line":163,"column":42},"end":{"line":167,"column":null}},"line":163}},"branchMap":{"0":{"loc":{"start":{"line":25,"column":15},"end":{"line":25,"column":null}},"type":"binary-expr","locations":[{"start":{"line":25,"column":15},"end":{"line":25,"column":38}},{"start":{"line":25,"column":38},"end":{"line":25,"column":63}},{"start":{"line":25,"column":63},"end":{"line":25,"column":null}}],"line":25},"1":{"loc":{"start":{"line":37,"column":38},"end":{"line":37,"column":61}},"type":"cond-expr","locations":[{"start":{"line":37,"column":47},"end":{"line":37,"column":59}},{"start":{"line":37,"column":59},"end":{"line":37,"column":61}}],"line":37},"2":{"loc":{"start":{"line":38,"column":18},"end":{"line":38,"column":63}},"type":"cond-expr","locations":[{"start":{"line":38,"column":18},"end":{"line":38,"column":47}},{"start":{"line":38,"column":43},"end":{"line":38,"column":63}}],"line":38},"3":{"loc":{"start":{"line":48,"column":42},"end":{"line":48,"column":79}},"type":"cond-expr","locations":[{"start":{"line":48,"column":64},"end":{"line":48,"column":77}},{"start":{"line":48,"column":77},"end":{"line":48,"column":79}}],"line":48},"4":{"loc":{"start":{"line":61,"column":41},"end":{"line":61,"column":77}},"type":"cond-expr","locations":[{"start":{"line":61,"column":62},"end":{"line":61,"column":75}},{"start":{"line":61,"column":75},"end":{"line":61,"column":77}}],"line":61},"5":{"loc":{"start":{"line":72,"column":18},"end":{"line":72,"column":50}},"type":"cond-expr","locations":[{"start":{"line":72,"column":18},"end":{"line":72,"column":39}},{"start":{"line":72,"column":35},"end":{"line":72,"column":50}}],"line":72},"6":{"loc":{"start":{"line":80,"column":16},"end":{"line":80,"column":106}},"type":"cond-expr","locations":[{"start":{"line":80,"column":46},"end":{"line":80,"column":104}},{"start":{"line":80,"column":104},"end":{"line":80,"column":106}}],"line":80},"7":{"loc":{"start":{"line":123,"column":38},"end":{"line":123,"column":73}},"type":"cond-expr","locations":[{"start":{"line":123,"column":58},"end":{"line":123,"column":71}},{"start":{"line":123,"column":71},"end":{"line":123,"column":73}}],"line":123},"8":{"loc":{"start":{"line":124,"column":37},"end":{"line":124,"column":71}},"type":"cond-expr","locations":[{"start":{"line":124,"column":56},"end":{"line":124,"column":69}},{"start":{"line":124,"column":69},"end":{"line":124,"column":71}}],"line":124},"9":{"loc":{"start":{"line":130,"column":35},"end":{"line":130,"column":70}},"type":"cond-expr","locations":[{"start":{"line":130,"column":55},"end":{"line":130,"column":68}},{"start":{"line":130,"column":68},"end":{"line":130,"column":70}}],"line":130},"10":{"loc":{"start":{"line":131,"column":35},"end":{"line":131,"column":70}},"type":"cond-expr","locations":[{"start":{"line":131,"column":55},"end":{"line":131,"column":68}},{"start":{"line":131,"column":68},"end":{"line":131,"column":70}}],"line":131},"11":{"loc":{"start":{"line":136,"column":64},"end":{"line":136,"column":90}},"type":"cond-expr","locations":[{"start":{"line":136,"column":76},"end":{"line":136,"column":88}},{"start":{"line":136,"column":88},"end":{"line":136,"column":90}}],"line":136},"12":{"loc":{"start":{"line":143,"column":44},"end":{"line":143,"column":97}},"type":"cond-expr","locations":[{"start":{"line":143,"column":82},"end":{"line":143,"column":95}},{"start":{"line":143,"column":95},"end":{"line":143,"column":97}}],"line":143},"13":{"loc":{"start":{"line":144,"column":38},"end":{"line":144,"column":85}},"type":"cond-expr","locations":[{"start":{"line":144,"column":70},"end":{"line":144,"column":83}},{"start":{"line":144,"column":83},"end":{"line":144,"column":85}}],"line":144},"14":{"loc":{"start":{"line":145,"column":42},"end":{"line":145,"column":93}},"type":"cond-expr","locations":[{"start":{"line":145,"column":78},"end":{"line":145,"column":91}},{"start":{"line":145,"column":91},"end":{"line":145,"column":93}}],"line":145}},"s":{"0":1,"1":1,"2":26,"3":26,"4":26,"5":7,"6":26,"7":260,"8":416,"9":6,"10":8,"11":32,"12":32,"13":32},"f":{"0":26,"1":7,"2":260,"3":416,"4":6,"5":8,"6":32},"b":{"0":[26,23,23],"1":[3,23],"2":[3,23],"3":[26,234],"4":[26,390],"5":[3,23],"6":[21,5],"7":[7,1],"8":[1,7],"9":[7,1],"10":[1,7],"11":[1,7],"12":[7,1],"13":[1,7],"14":[0,8]},"meta":{"lastBranch":15,"lastFunction":7,"lastStatement":14,"seen":{"s:4:22:8:Infinity":0,"s:10:21:13:Infinity":1,"f:15:16:15:Infinity":0,"s:24:17:24:Infinity":2,"s:25:15:25:Infinity":3,"b:25:15:25:38:25:38:25:63:25:63:25:Infinity":0,"s:27:25:27:Infinity":4,"f:27:43:27:48":1,"s:27:48:27:60":5,"s:29:2:90:Infinity":6,"b:37:47:37:59:37:59:37:61":1,"b:38:18:38:47:38:43:38:63":2,"f:46:36:46:41":2,"s:46:41:51:Infinity":7,"b:48:64:48:77:48:77:48:79":3,"f:59:35:59:40":3,"s:59:40:65:Infinity":8,"b:61:62:61:75:61:75:61:77":4,"b:72:18:72:39:72:35:72:50":5,"b:80:46:80:104:80:104:80:106":6,"f:81:35:81:42":4,"s:81:42:87:Infinity":9,"f:99:16:99:Infinity":5,"s:107:2:156:Infinity":10,"b:123:58:123:71:123:71:123:73":7,"b:124:56:124:69:124:69:124:71":8,"b:130:55:130:68:130:68:130:70":9,"b:131:55:131:68:131:68:131:70":10,"b:136:76:136:88:136:88:136:90":11,"b:143:82:143:95:143:95:143:97":12,"b:144:70:144:83:144:83:144:85":13,"b:145:78:145:91:145:91:145:93":14,"f:163:9:163:20":6,"s:164:14:164:Infinity":11,"s:165:2:165:Infinity":12,"s:166:2:166:Infinity":13}}}
,"D:\\Claude_Project\\Personal_to-do_software\\src\\components\\CategoryPanel.ts": {"path":"D:\\Claude_Project\\Personal_to-do_software\\src\\components\\CategoryPanel.ts","statementMap":{"0":{"start":{"line":12,"column":27},"end":{"line":23,"column":null}},"1":{"start":{"line":13,"column":19},"end":{"line":13,"column":null}},"2":{"start":{"line":14,"column":4},"end":{"line":16,"column":null}},"3":{"start":{"line":15,"column":6},"end":{"line":15,"column":null}},"4":{"start":{"line":15,"column":35},"end":{"line":15,"column":63}},"5":{"start":{"line":17,"column":4},"end":{"line":21,"column":null}},"6":{"start":{"line":18,"column":6},"end":{"line":18,"column":null}},"7":{"start":{"line":18,"column":34},"end":{"line":18,"column":58}},"8":{"start":{"line":19,"column":4},"end":{"line":21,"column":null}},"9":{"start":{"line":20,"column":6},"end":{"line":20,"column":null}},"10":{"start":{"line":20,"column":34},"end":{"line":20,"column":58}},"11":{"start":{"line":22,"column":4},"end":{"line":22,"column":null}},"12":{"start":{"line":25,"column":22},"end":{"line":32,"column":null}},"13":{"start":{"line":26,"column":4},"end":{"line":30,"column":null}},"14":{"start":{"line":27,"column":6},"end":{"line":27,"column":null}},"15":{"start":{"line":27,"column":31},"end":{"line":27,"column":55}},"16":{"start":{"line":28,"column":4},"end":{"line":30,"column":null}},"17":{"start":{"line":29,"column":6},"end":{"line":29,"column":null}},"18":{"start":{"line":29,"column":31},"end":{"line":29,"column":55}},"19":{"start":{"line":31,"column":4},"end":{"line":31,"column":null}},"20":{"start":{"line":34,"column":24},"end":{"line":42,"column":null}},"21":{"start":{"line":35,"column":19},"end":{"line":35,"column":null}},"22":{"start":{"line":35,"column":37},"end":{"line":35,"column":47}},"23":{"start":{"line":36,"column":4},"end":{"line":40,"column":null}},"24":{"start":{"line":37,"column":6},"end":{"line":37,"column":null}},"25":{"start":{"line":37,"column":34},"end":{"line":37,"column":58}},"26":{"start":{"line":38,"column":4},"end":{"line":40,"column":null}},"27":{"start":{"line":39,"column":6},"end":{"line":39,"column":null}},"28":{"start":{"line":39,"column":34},"end":{"line":39,"column":58}},"29":{"start":{"line":41,"column":4},"end":{"line":41,"column":null}},"30":{"start":{"line":44,"column":19},"end":{"line":44,"column":null}},"31":{"start":{"line":45,"column":21},"end":{"line":45,"column":null}},"32":{"start":{"line":47,"column":2},"end":{"line":87,"column":null}},"33":{"start":{"line":74,"column":33},"end":{"line":74,"column":45}},"34":{"start":{"line":74,"column":58},"end":{"line":82,"column":null}},"35":{"start":{"line":94,"column":14},"end":{"line":94,"column":null}},"36":{"start":{"line":95,"column":2},"end":{"line":95,"column":null}},"37":{"start":{"line":96,"column":2},"end":{"line":96,"column":null}}},"fnMap":{"0":{"name":"renderCategoryPanel","decl":{"start":{"line":4,"column":16},"end":{"line":4,"column":null}},"loc":{"start":{"line":11,"column":10},"end":{"line":91,"column":null}},"line":11},"1":{"name":"(anonymous_1)","decl":{"start":{"line":12,"column":27},"end":{"line":12,"column":28}},"loc":{"start":{"line":12,"column":66},"end":{"line":23,"column":null}},"line":12},"2":{"name":"(anonymous_2)","decl":{"start":{"line":15,"column":30},"end":{"line":15,"column":35}},"loc":{"start":{"line":15,"column":35},"end":{"line":15,"column":63}},"line":15},"3":{"name":"(anonymous_3)","decl":{"start":{"line":18,"column":29},"end":{"line":18,"column":34}},"loc":{"start":{"line":18,"column":34},"end":{"line":18,"column":58}},"line":18},"4":{"name":"(anonymous_4)","decl":{"start":{"line":20,"column":29},"end":{"line":20,"column":34}},"loc":{"start":{"line":20,"column":34},"end":{"line":20,"column":58}},"line":20},"5":{"name":"(anonymous_5)","decl":{"start":{"line":25,"column":22},"end":{"line":25,"column":36}},"loc":{"start":{"line":25,"column":36},"end":{"line":32,"column":null}},"line":25},"6":{"name":"(anonymous_6)","decl":{"start":{"line":27,"column":26},"end":{"line":27,"column":31}},"loc":{"start":{"line":27,"column":31},"end":{"line":27,"column":55}},"line":27},"7":{"name":"(anonymous_7)","decl":{"start":{"line":29,"column":26},"end":{"line":29,"column":31}},"loc":{"start":{"line":29,"column":31},"end":{"line":29,"column":55}},"line":29},"8":{"name":"(anonymous_8)","decl":{"start":{"line":34,"column":24},"end":{"line":34,"column":38}},"loc":{"start":{"line":34,"column":38},"end":{"line":42,"column":null}},"line":34},"9":{"name":"(anonymous_9)","decl":{"start":{"line":35,"column":32},"end":{"line":35,"column":37}},"loc":{"start":{"line":35,"column":37},"end":{"line":35,"column":47}},"line":35},"10":{"name":"(anonymous_10)","decl":{"start":{"line":37,"column":29},"end":{"line":37,"column":34}},"loc":{"start":{"line":37,"column":34},"end":{"line":37,"column":58}},"line":37},"11":{"name":"(anonymous_11)","decl":{"start":{"line":39,"column":29},"end":{"line":39,"column":34}},"loc":{"start":{"line":39,"column":34},"end":{"line":39,"column":58}},"line":39},"12":{"name":"(anonymous_12)","decl":{"start":{"line":74,"column":28},"end":{"line":74,"column":33}},"loc":{"start":{"line":74,"column":33},"end":{"line":74,"column":45}},"line":74},"13":{"name":"(anonymous_13)","decl":{"start":{"line":74,"column":51},"end":{"line":74,"column":58}},"loc":{"start":{"line":74,"column":58},"end":{"line":82,"column":null}},"line":74},"14":{"name":"escapeHtml","decl":{"start":{"line":93,"column":9},"end":{"line":93,"column":20}},"loc":{"start":{"line":93,"column":42},"end":{"line":97,"column":null}},"line":93}},"branchMap":{"0":{"loc":{"start":{"line":14,"column":4},"end":{"line":16,"column":null}},"type":"if","locations":[{"start":{"line":14,"column":4},"end":{"line":16,"column":null}},{"start":{},"end":{}}],"line":14},"1":{"loc":{"start":{"line":14,"column":8},"end":{"line":14,"column":55}},"type":"binary-expr","locations":[{"start":{"line":14,"column":8},"end":{"line":14,"column":31}},{"start":{"line":14,"column":31},"end":{"line":14,"column":55}}],"line":14},"2":{"loc":{"start":{"line":17,"column":4},"end":{"line":21,"column":null}},"type":"if","locations":[{"start":{"line":17,"column":4},"end":{"line":21,"column":null}},{"start":{"line":19,"column":4},"end":{"line":21,"column":null}}],"line":17},"3":{"loc":{"start":{"line":19,"column":4},"end":{"line":21,"column":null}},"type":"if","locations":[{"start":{"line":19,"column":4},"end":{"line":21,"column":null}},{"start":{},"end":{}}],"line":19},"4":{"loc":{"start":{"line":26,"column":4},"end":{"line":30,"column":null}},"type":"if","locations":[{"start":{"line":26,"column":4},"end":{"line":30,"column":null}},{"start":{"line":28,"column":4},"end":{"line":30,"column":null}}],"line":26},"5":{"loc":{"start":{"line":28,"column":4},"end":{"line":30,"column":null}},"type":"if","locations":[{"start":{"line":28,"column":4},"end":{"line":30,"column":null}},{"start":{},"end":{}}],"line":28},"6":{"loc":{"start":{"line":36,"column":4},"end":{"line":40,"column":null}},"type":"if","locations":[{"start":{"line":36,"column":4},"end":{"line":40,"column":null}},{"start":{"line":38,"column":4},"end":{"line":40,"column":null}}],"line":36},"7":{"loc":{"start":{"line":38,"column":4},"end":{"line":40,"column":null}},"type":"if","locations":[{"start":{"line":38,"column":4},"end":{"line":40,"column":null}},{"start":{},"end":{}}],"line":38},"8":{"loc":{"start":{"line":54,"column":36},"end":{"line":54,"column":81}},"type":"cond-expr","locations":[{"start":{"line":54,"column":66},"end":{"line":54,"column":79}},{"start":{"line":54,"column":79},"end":{"line":54,"column":81}}],"line":54},"9":{"loc":{"start":{"line":64,"column":42},"end":{"line":64,"column":90}},"type":"cond-expr","locations":[{"start":{"line":64,"column":75},"end":{"line":64,"column":88}},{"start":{"line":64,"column":88},"end":{"line":64,"column":90}}],"line":64},"10":{"loc":{"start":{"line":75,"column":38},"end":{"line":75,"column":85}},"type":"cond-expr","locations":[{"start":{"line":75,"column":70},"end":{"line":75,"column":83}},{"start":{"line":75,"column":83},"end":{"line":75,"column":85}}],"line":75}},"s":{"0":26,"1":7,"2":7,"3":7,"4":2,"5":7,"6":0,"7":0,"8":7,"9":0,"10":0,"11":7,"12":26,"13":26,"14":2,"15":4,"16":24,"17":1,"18":2,"19":23,"20":26,"21":26,"22":14,"23":26,"24":2,"25":2,"26":24,"27":1,"28":0,"29":23,"30":26,"31":26,"32":26,"33":8,"34":7,"35":7,"36":7,"37":7},"f":{"0":26,"1":7,"2":2,"3":0,"4":0,"5":26,"6":4,"7":2,"8":26,"9":14,"10":2,"11":0,"12":8,"13":7,"14":7},"b":{"0":[7,0],"1":[7,7],"2":[0,7],"3":[0,7],"4":[2,24],"5":[1,23],"6":[2,24],"7":[1,23],"8":[24,2],"9":[1,25],"10":[1,6]},"meta":{"lastBranch":11,"lastFunction":15,"lastStatement":38,"seen":{"f:4:16:4:Infinity":0,"s:12:27:23:Infinity":0,"f:12:27:12:28":1,"s:13:19:13:Infinity":1,"b:14:4:16:Infinity:undefined:undefined:undefined:undefined":0,"s:14:4:16:Infinity":2,"b:14:8:14:31:14:31:14:55":1,"s:15:6:15:Infinity":3,"f:15:30:15:35":2,"s:15:35:15:63":4,"b:17:4:21:Infinity:19:4:21:Infinity":2,"s:17:4:21:Infinity":5,"s:18:6:18:Infinity":6,"f:18:29:18:34":3,"s:18:34:18:58":7,"b:19:4:21:Infinity:undefined:undefined:undefined:undefined":3,"s:19:4:21:Infinity":8,"s:20:6:20:Infinity":9,"f:20:29:20:34":4,"s:20:34:20:58":10,"s:22:4:22:Infinity":11,"s:25:22:32:Infinity":12,"f:25:22:25:36":5,"b:26:4:30:Infinity:28:4:30:Infinity":4,"s:26:4:30:Infinity":13,"s:27:6:27:Infinity":14,"f:27:26:27:31":6,"s:27:31:27:55":15,"b:28:4:30:Infinity:undefined:undefined:undefined:undefined":5,"s:28:4:30:Infinity":16,"s:29:6:29:Infinity":17,"f:29:26:29:31":7,"s:29:31:29:55":18,"s:31:4:31:Infinity":19,"s:34:24:42:Infinity":20,"f:34:24:34:38":8,"s:35:19:35:Infinity":21,"f:35:32:35:37":9,"s:35:37:35:47":22,"b:36:4:40:Infinity:38:4:40:Infinity":6,"s:36:4:40:Infinity":23,"s:37:6:37:Infinity":24,"f:37:29:37:34":10,"s:37:34:37:58":25,"b:38:4:40:Infinity:undefined:undefined:undefined:undefined":7,"s:38:4:40:Infinity":26,"s:39:6:39:Infinity":27,"f:39:29:39:34":11,"s:39:34:39:58":28,"s:41:4:41:Infinity":29,"s:44:19:44:Infinity":30,"s:45:21:45:Infinity":31,"s:47:2:87:Infinity":32,"b:54:66:54:79:54:79:54:81":8,"b:64:75:64:88:64:88:64:90":9,"f:74:28:74:33":12,"s:74:33:74:45":33,"f:74:51:74:58":13,"s:74:58:82:Infinity":34,"b:75:70:75:83:75:83:75:85":10,"f:93:9:93:20":14,"s:94:14:94:Infinity":35,"s:95:2:95:Infinity":36,"s:96:2:96:Infinity":37}}}
,"D:\\Claude_Project\\Personal_to-do_software\\src\\components\\ConfirmModal.ts": {"path":"D:\\Claude_Project\\Personal_to-do_software\\src\\components\\ConfirmModal.ts","statementMap":{"0":{"start":{"line":7,"column":2},"end":{"line":15,"column":null}},"1":{"start":{"line":23,"column":14},"end":{"line":23,"column":null}},"2":{"start":{"line":24,"column":2},"end":{"line":24,"column":null}},"3":{"start":{"line":25,"column":2},"end":{"line":25,"column":null}}},"fnMap":{"0":{"name":"renderConfirmModal","decl":{"start":{"line":3,"column":16},"end":{"line":3,"column":null}},"loc":{"start":{"line":6,"column":10},"end":{"line":20,"column":null}},"line":6},"1":{"name":"escapeHtml","decl":{"start":{"line":22,"column":9},"end":{"line":22,"column":20}},"loc":{"start":{"line":22,"column":42},"end":{"line":26,"column":null}},"line":22}},"branchMap":{},"s":{"0":12,"1":24,"2":24,"3":24},"f":{"0":12,"1":24},"b":{},"meta":{"lastBranch":0,"lastFunction":2,"lastStatement":4,"seen":{"f:3:16:3:Infinity":0,"s:7:2:15:Infinity":0,"f:22:9:22:20":1,"s:23:14:23:Infinity":1,"s:24:2:24:Infinity":2,"s:25:2:25:Infinity":3}}}
,"D:\\Claude_Project\\Personal_to-do_software\\src\\components\\ContextMenu.ts": {"path":"D:\\Claude_Project\\Personal_to-do_software\\src\\components\\ContextMenu.ts","statementMap":{"0":{"start":{"line":4,"column":19},"end":{"line":4,"column":null}},"1":{"start":{"line":5,"column":20},"end":{"line":5,"column":null}},"2":{"start":{"line":8,"column":13},"end":{"line":8,"column":null}},"3":{"start":{"line":9,"column":13},"end":{"line":9,"column":null}},"4":{"start":{"line":11,"column":2},"end":{"line":13,"column":null}},"5":{"start":{"line":12,"column":4},"end":{"line":12,"column":null}},"6":{"start":{"line":14,"column":2},"end":{"line":16,"column":null}},"7":{"start":{"line":15,"column":4},"end":{"line":15,"column":null}},"8":{"start":{"line":17,"column":2},"end":{"line":17,"column":null}},"9":{"start":{"line":17,"column":14},"end":{"line":17,"column":null}},"10":{"start":{"line":18,"column":2},"end":{"line":18,"column":null}},"11":{"start":{"line":18,"column":14},"end":{"line":18,"column":null}},"12":{"start":{"line":20,"column":2},"end":{"line":20,"column":null}},"13":{"start":{"line":29,"column":14},"end":{"line":29,"column":null}},"14":{"start":{"line":30,"column":24},"end":{"line":35,"column":null}},"15":{"start":{"line":35,"column":21},"end":{"line":35,"column":50}},"16":{"start":{"line":37,"column":2},"end":{"line":54,"column":null}},"17":{"start":{"line":40,"column":38},"end":{"line":43,"column":null}},"18":{"start":{"line":67,"column":14},"end":{"line":67,"column":null}},"19":{"start":{"line":68,"column":2},"end":{"line":77,"column":null}},"20":{"start":{"line":85,"column":14},"end":{"line":85,"column":null}},"21":{"start":{"line":86,"column":2},"end":{"line":86,"column":null}},"22":{"start":{"line":87,"column":2},"end":{"line":87,"column":null}}},"fnMap":{"0":{"name":"adjustPosition","decl":{"start":{"line":7,"column":9},"end":{"line":7,"column":24}},"loc":{"start":{"line":7,"column":72},"end":{"line":21,"column":null}},"line":7},"1":{"name":"renderContextMenu","decl":{"start":{"line":23,"column":16},"end":{"line":23,"column":null}},"loc":{"start":{"line":28,"column":10},"end":{"line":59,"column":null}},"line":28},"2":{"name":"(anonymous_2)","decl":{"start":{"line":35,"column":11},"end":{"line":35,"column":21}},"loc":{"start":{"line":35,"column":21},"end":{"line":35,"column":50}},"line":35},"3":{"name":"(anonymous_3)","decl":{"start":{"line":40,"column":28},"end":{"line":40,"column":38}},"loc":{"start":{"line":40,"column":38},"end":{"line":43,"column":null}},"line":40},"4":{"name":"renderCategoryContextMenu","decl":{"start":{"line":61,"column":16},"end":{"line":61,"column":null}},"loc":{"start":{"line":66,"column":10},"end":{"line":82,"column":null}},"line":66},"5":{"name":"escapeHtml","decl":{"start":{"line":84,"column":9},"end":{"line":84,"column":20}},"loc":{"start":{"line":84,"column":42},"end":{"line":88,"column":null}},"line":84}},"branchMap":{"0":{"loc":{"start":{"line":11,"column":2},"end":{"line":13,"column":null}},"type":"if","locations":[{"start":{"line":11,"column":2},"end":{"line":13,"column":null}},{"start":{},"end":{}}],"line":11},"1":{"loc":{"start":{"line":14,"column":2},"end":{"line":16,"column":null}},"type":"if","locations":[{"start":{"line":14,"column":2},"end":{"line":16,"column":null}},{"start":{},"end":{}}],"line":14},"2":{"loc":{"start":{"line":17,"column":2},"end":{"line":17,"column":null}},"type":"if","locations":[{"start":{"line":17,"column":2},"end":{"line":17,"column":null}},{"start":{},"end":{}}],"line":17},"3":{"loc":{"start":{"line":18,"column":2},"end":{"line":18,"column":null}},"type":"if","locations":[{"start":{"line":18,"column":2},"end":{"line":18,"column":null}},{"start":{},"end":{}}],"line":18}},"s":{"0":1,"1":1,"2":23,"3":23,"4":23,"5":1,"6":23,"7":1,"8":23,"9":1,"10":23,"11":1,"12":23,"13":16,"14":16,"15":64,"16":16,"17":48,"18":7,"19":7,"20":7,"21":7,"22":7},"f":{"0":23,"1":16,"2":64,"3":48,"4":7,"5":7},"b":{"0":[1,22],"1":[1,22],"2":[1,22],"3":[1,22]},"meta":{"lastBranch":4,"lastFunction":6,"lastStatement":23,"seen":{"s:4:19:4:Infinity":0,"s:5:20:5:Infinity":1,"f:7:9:7:24":0,"s:8:13:8:Infinity":2,"s:9:13:9:Infinity":3,"b:11:2:13:Infinity:undefined:undefined:undefined:undefined":0,"s:11:2:13:Infinity":4,"s:12:4:12:Infinity":5,"b:14:2:16:Infinity:undefined:undefined:undefined:undefined":1,"s:14:2:16:Infinity":6,"s:15:4:15:Infinity":7,"b:17:2:17:Infinity:undefined:undefined:undefined:undefined":2,"s:17:2:17:Infinity":8,"s:17:14:17:Infinity":9,"b:18:2:18:Infinity:undefined:undefined:undefined:undefined":3,"s:18:2:18:Infinity":10,"s:18:14:18:Infinity":11,"s:20:2:20:Infinity":12,"f:23:16:23:Infinity":1,"s:29:14:29:Infinity":13,"s:30:24:35:Infinity":14,"f:35:11:35:21":2,"s:35:21:35:50":15,"s:37:2:54:Infinity":16,"f:40:28:40:38":3,"s:40:38:43:Infinity":17,"f:61:16:61:Infinity":4,"s:67:14:67:Infinity":18,"s:68:2:77:Infinity":19,"f:84:9:84:20":5,"s:85:14:85:Infinity":20,"s:86:2:86:Infinity":21,"s:87:2:87:Infinity":22}}}
,"D:\\Claude_Project\\Personal_to-do_software\\src\\components\\FilterBar.ts": {"path":"D:\\Claude_Project\\Personal_to-do_software\\src\\components\\FilterBar.ts","statementMap":{"0":{"start":{"line":4,"column":73},"end":{"line":10,"column":null}},"1":{"start":{"line":12,"column":65},"end":{"line":17,"column":null}},"2":{"start":{"line":25,"column":2},"end":{"line":44,"column":null}},"3":{"start":{"line":28,"column":39},"end":{"line":33,"column":null}},"4":{"start":{"line":40,"column":36},"end":{"line":42,"column":null}}},"fnMap":{"0":{"name":"renderFilterBar","decl":{"start":{"line":19,"column":16},"end":{"line":19,"column":null}},"loc":{"start":{"line":24,"column":10},"end":{"line":49,"column":null}},"line":24},"1":{"name":"(anonymous_1)","decl":{"start":{"line":28,"column":29},"end":{"line":28,"column":39}},"loc":{"start":{"line":28,"column":39},"end":{"line":33,"column":null}},"line":28},"2":{"name":"(anonymous_2)","decl":{"start":{"line":40,"column":29},"end":{"line":40,"column":36}},"loc":{"start":{"line":40,"column":36},"end":{"line":42,"column":null}},"line":40}},"branchMap":{"0":{"loc":{"start":{"line":30,"column":32},"end":{"line":30,"column":77}},"type":"cond-expr","locations":[{"start":{"line":30,"column":64},"end":{"line":30,"column":75}},{"start":{"line":30,"column":75},"end":{"line":30,"column":77}}],"line":30},"1":{"loc":{"start":{"line":41,"column":43},"end":{"line":41,"column":81}},"type":"cond-expr","locations":[{"start":{"line":41,"column":66},"end":{"line":41,"column":79}},{"start":{"line":41,"column":79},"end":{"line":41,"column":81}}],"line":41}},"s":{"0":1,"1":1,"2":20,"3":100,"4":80},"f":{"0":20,"1":100,"2":80},"b":{"0":[20,80],"1":[20,60]},"meta":{"lastBranch":2,"lastFunction":3,"lastStatement":5,"seen":{"s:4:73:10:Infinity":0,"s:12:65:17:Infinity":1,"f:19:16:19:Infinity":0,"s:25:2:44:Infinity":2,"f:28:29:28:39":1,"s:28:39:33:Infinity":3,"b:30:64:30:75:30:75:30:77":0,"f:40:29:40:36":2,"s:40:36:42:Infinity":4,"b:41:66:41:79:41:79:41:81":1}}}
,"D:\\Claude_Project\\Personal_to-do_software\\src\\components\\QuickInput.ts": {"path":"D:\\Claude_Project\\Personal_to-do_software\\src\\components\\QuickInput.ts","statementMap":{"0":{"start":{"line":10,"column":2},"end":{"line":87,"column":null}},"1":{"start":{"line":27,"column":41},"end":{"line":27,"column":53}},"2":{"start":{"line":27,"column":66},"end":{"line":29,"column":null}},"3":{"start":{"line":95,"column":20},"end":{"line":95,"column":null}},"4":{"start":{"line":96,"column":19},"end":{"line":96,"column":null}},"5":{"start":{"line":97,"column":25},"end":{"line":97,"column":null}},"6":{"start":{"line":98,"column":25},"end":{"line":98,"column":null}},"7":{"start":{"line":99,"column":23},"end":{"line":99,"column":null}},"8":{"start":{"line":100,"column":21},"end":{"line":100,"column":null}},"9":{"start":{"line":101,"column":22},"end":{"line":101,"column":null}},"10":{"start":{"line":102,"column":25},"end":{"line":102,"column":null}},"11":{"start":{"line":103,"column":24},"end":{"line":103,"column":null}},"12":{"start":{"line":105,"column":2},"end":{"line":107,"column":null}},"13":{"start":{"line":106,"column":4},"end":{"line":106,"column":null}},"14":{"start":{"line":109,"column":2},"end":{"line":119,"column":null}}},"fnMap":{"0":{"name":"renderQuickInput","decl":{"start":{"line":4,"column":16},"end":{"line":4,"column":null}},"loc":{"start":{"line":9,"column":10},"end":{"line":92,"column":null}},"line":9},"1":{"name":"(anonymous_1)","decl":{"start":{"line":27,"column":36},"end":{"line":27,"column":41}},"loc":{"start":{"line":27,"column":41},"end":{"line":27,"column":53}},"line":27},"2":{"name":"(anonymous_2)","decl":{"start":{"line":27,"column":59},"end":{"line":27,"column":66}},"loc":{"start":{"line":27,"column":66},"end":{"line":29,"column":null}},"line":27},"3":{"name":"getQuickInputData","decl":{"start":{"line":94,"column":16},"end":{"line":94,"column":212}},"loc":{"start":{"line":94,"column":212},"end":{"line":120,"column":null}},"line":94}},"branchMap":{"0":{"loc":{"start":{"line":28,"column":46},"end":{"line":28,"column":93}},"type":"cond-expr","locations":[{"start":{"line":28,"column":78},"end":{"line":28,"column":91}},{"start":{"line":28,"column":91},"end":{"line":28,"column":93}}],"line":28},"1":{"loc":{"start":{"line":35,"column":53},"end":{"line":37,"column":79}},"type":"binary-expr","locations":[{"start":{"line":35,"column":53},"end":{"line":37,"column":75}},{"start":{"line":37,"column":75},"end":{"line":37,"column":79}}],"line":35},"2":{"loc":{"start":{"line":37,"column":79},"end":{"line":38,"column":78}},"type":"binary-expr","locations":[{"start":{"line":37,"column":79},"end":{"line":38,"column":73}},{"start":{"line":38,"column":73},"end":{"line":38,"column":78}}],"line":37},"3":{"loc":{"start":{"line":38,"column":78},"end":{"line":39,"column":75}},"type":"binary-expr","locations":[{"start":{"line":38,"column":78},"end":{"line":39,"column":70}},{"start":{"line":39,"column":70},"end":{"line":39,"column":75}}],"line":38},"4":{"loc":{"start":{"line":39,"column":75},"end":{"line":40,"column":70}},"type":"binary-expr","locations":[{"start":{"line":39,"column":75},"end":{"line":40,"column":66}},{"start":{"line":40,"column":66},"end":{"line":40,"column":70}}],"line":39},"5":{"loc":{"start":{"line":55,"column":59},"end":{"line":61,"column":45}},"type":"binary-expr","locations":[{"start":{"line":55,"column":59},"end":{"line":61,"column":39}},{"start":{"line":61,"column":39},"end":{"line":61,"column":45}}],"line":55},"6":{"loc":{"start":{"line":105,"column":2},"end":{"line":107,"column":null}},"type":"if","locations":[{"start":{"line":105,"column":2},"end":{"line":107,"column":null}},{"start":{},"end":{}}],"line":105},"7":{"loc":{"start":{"line":105,"column":6},"end":{"line":105,"column":51}},"type":"binary-expr","locations":[{"start":{"line":105,"column":6},"end":{"line":105,"column":20}},{"start":{"line":105,"column":20},"end":{"line":105,"column":51}}],"line":105},"8":{"loc":{"start":{"line":112,"column":16},"end":{"line":112,"column":null}},"type":"binary-expr","locations":[{"start":{"line":112,"column":16},"end":{"line":112,"column":41}},{"start":{"line":112,"column":41},"end":{"line":112,"column":null}}],"line":112},"9":{"loc":{"start":{"line":113,"column":14},"end":{"line":113,"column":null}},"type":"binary-expr","locations":[{"start":{"line":113,"column":14},"end":{"line":113,"column":39}},{"start":{"line":113,"column":39},"end":{"line":113,"column":null}}],"line":113},"10":{"loc":{"start":{"line":114,"column":12},"end":{"line":114,"column":null}},"type":"binary-expr","locations":[{"start":{"line":114,"column":12},"end":{"line":114,"column":35}},{"start":{"line":114,"column":35},"end":{"line":114,"column":null}}],"line":114},"11":{"loc":{"start":{"line":115,"column":11},"end":{"line":115,"column":null}},"type":"binary-expr","locations":[{"start":{"line":115,"column":11},"end":{"line":115,"column":39}},{"start":{"line":115,"column":39},"end":{"line":115,"column":null}}],"line":115},"12":{"loc":{"start":{"line":116,"column":17},"end":{"line":116,"column":null}},"type":"binary-expr","locations":[{"start":{"line":116,"column":17},"end":{"line":116,"column":46}},{"start":{"line":116,"column":46},"end":{"line":116,"column":null}}],"line":116},"13":{"loc":{"start":{"line":117,"column":15},"end":{"line":117,"column":null}},"type":"binary-expr","locations":[{"start":{"line":117,"column":15},"end":{"line":117,"column":47}},{"start":{"line":117,"column":47},"end":{"line":117,"column":null}}],"line":117},"14":{"loc":{"start":{"line":118,"column":13},"end":{"line":118,"column":null}},"type":"binary-expr","locations":[{"start":{"line":118,"column":13},"end":{"line":118,"column":39}},{"start":{"line":118,"column":39},"end":{"line":118,"column":null}}],"line":118}},"s":{"0":18,"1":5,"2":4,"3":0,"4":0,"5":0,"6":0,"7":0,"8":0,"9":0,"10":0,"11":0,"12":0,"13":0,"14":0},"f":{"0":18,"1":5,"2":4,"3":0},"b":{"0":[1,3],"1":[18,0],"2":[18,0],"3":[18,0],"4":[18,0],"5":[18,0],"6":[0,0],"7":[0,0],"8":[0,0],"9":[0,0],"10":[0,0],"11":[0,0],"12":[0,0],"13":[0,0],"14":[0,0]},"meta":{"lastBranch":15,"lastFunction":4,"lastStatement":15,"seen":{"f:4:16:4:Infinity":0,"s:10:2:87:Infinity":0,"f:27:36:27:41":1,"s:27:41:27:53":1,"f:27:59:27:66":2,"s:27:66:29:Infinity":2,"b:28:78:28:91:28:91:28:93":0,"b:35:53:37:75:37:75:37:79":1,"b:37:79:38:73:38:73:38:78":2,"b:38:78:39:70:39:70:39:75":3,"b:39:75:40:66:40:66:40:70":4,"b:55:59:61:39:61:39:61:45":5,"f:94:16:94:212":3,"s:95:20:95:Infinity":3,"s:96:19:96:Infinity":4,"s:97:25:97:Infinity":5,"s:98:25:98:Infinity":6,"s:99:23:99:Infinity":7,"s:100:21:100:Infinity":8,"s:101:22:101:Infinity":9,"s:102:25:102:Infinity":10,"s:103:24:103:Infinity":11,"b:105:2:107:Infinity:undefined:undefined:undefined:undefined":6,"s:105:2:107:Infinity":12,"b:105:6:105:20:105:20:105:51":7,"s:106:4:106:Infinity":13,"s:109:2:119:Infinity":14,"b:112:16:112:41:112:41:112:Infinity":8,"b:113:14:113:39:113:39:113:Infinity":9,"b:114:12:114:35:114:35:114:Infinity":10,"b:115:11:115:39:115:39:115:Infinity":11,"b:116:17:116:46:116:46:116:Infinity":12,"b:117:15:117:47:117:47:117:Infinity":13,"b:118:13:118:39:118:39:118:Infinity":14}}}
,"D:\\Claude_Project\\Personal_to-do_software\\src\\components\\SearchBar.ts": {"path":"D:\\Claude_Project\\Personal_to-do_software\\src\\components\\SearchBar.ts","statementMap":{"0":{"start":{"line":7,"column":2},"end":{"line":17,"column":null}},"1":{"start":{"line":23,"column":14},"end":{"line":23,"column":null}},"2":{"start":{"line":24,"column":2},"end":{"line":24,"column":null}},"3":{"start":{"line":25,"column":2},"end":{"line":25,"column":null}}},"fnMap":{"0":{"name":"renderSearchBar","decl":{"start":{"line":3,"column":16},"end":{"line":3,"column":null}},"loc":{"start":{"line":6,"column":10},"end":{"line":20,"column":null}},"line":6},"1":{"name":"escapeHtml","decl":{"start":{"line":22,"column":9},"end":{"line":22,"column":20}},"loc":{"start":{"line":22,"column":42},"end":{"line":26,"column":null}},"line":22}},"branchMap":{"0":{"loc":{"start":{"line":17,"column":8},"end":{"line":17,"column":107}},"type":"cond-expr","locations":[{"start":{"line":17,"column":22},"end":{"line":17,"column":105}},{"start":{"line":17,"column":105},"end":{"line":17,"column":107}}],"line":17}},"s":{"0":10,"1":10,"2":10,"3":10},"f":{"0":10,"1":10},"b":{"0":[4,6]},"meta":{"lastBranch":1,"lastFunction":2,"lastStatement":4,"seen":{"f:3:16:3:Infinity":0,"s:7:2:17:Infinity":0,"b:17:22:17:105:17:105:17:107":0,"f:22:9:22:20":1,"s:23:14:23:Infinity":1,"s:24:2:24:Infinity":2,"s:25:2:25:Infinity":3}}}
,"D:\\Claude_Project\\Personal_to-do_software\\src\\components\\TodoForm.ts": {"path":"D:\\Claude_Project\\Personal_to-do_software\\src\\components\\TodoForm.ts","statementMap":{"0":{"start":{"line":5,"column":25},"end":{"line":10,"column":null}},"1":{"start":{"line":12,"column":23},"end":{"line":17,"column":null}},"2":{"start":{"line":26,"column":17},"end":{"line":26,"column":null}},"3":{"start":{"line":27,"column":16},"end":{"line":27,"column":null}},"4":{"start":{"line":29,"column":15},"end":{"line":29,"column":null}},"5":{"start":{"line":30,"column":16},"end":{"line":30,"column":null}},"6":{"start":{"line":31,"column":23},"end":{"line":31,"column":null}},"7":{"start":{"line":32,"column":19},"end":{"line":32,"column":null}},"8":{"start":{"line":33,"column":17},"end":{"line":33,"column":null}},"9":{"start":{"line":34,"column":21},"end":{"line":34,"column":null}},"10":{"start":{"line":35,"column":18},"end":{"line":35,"column":null}},"11":{"start":{"line":36,"column":22},"end":{"line":36,"column":null}},"12":{"start":{"line":37,"column":20},"end":{"line":37,"column":null}},"13":{"start":{"line":39,"column":2},"end":{"line":129,"column":null}},"14":{"start":{"line":56,"column":46},"end":{"line":58,"column":null}},"15":{"start":{"line":66,"column":44},"end":{"line":68,"column":null}},"16":{"start":{"line":84,"column":41},"end":{"line":84,"column":55}},"17":{"start":{"line":84,"column":68},"end":{"line":86,"column":null}},"18":{"start":{"line":113,"column":33},"end":{"line":113,"column":null}},"19":{"start":{"line":113,"column":65},"end":{"line":113,"column":90}},"20":{"start":{"line":114,"column":16},"end":{"line":118,"column":null}},"21":{"start":{"line":151,"column":20},"end":{"line":151,"column":null}},"22":{"start":{"line":152,"column":23},"end":{"line":152,"column":null}},"23":{"start":{"line":153,"column":25},"end":{"line":153,"column":null}},"24":{"start":{"line":154,"column":23},"end":{"line":154,"column":null}},"25":{"start":{"line":155,"column":25},"end":{"line":155,"column":null}},"26":{"start":{"line":156,"column":26},"end":{"line":156,"column":null}},"27":{"start":{"line":157,"column":24},"end":{"line":157,"column":null}},"28":{"start":{"line":158,"column":23},"end":{"line":158,"column":null}},"29":{"start":{"line":160,"column":2},"end":{"line":163,"column":null}},"30":{"start":{"line":161,"column":4},"end":{"line":161,"column":null}},"31":{"start":{"line":162,"column":4},"end":{"line":162,"column":null}},"32":{"start":{"line":165,"column":24},"end":{"line":170,"column":null}},"33":{"start":{"line":166,"column":16},"end":{"line":166,"column":null}},"34":{"start":{"line":167,"column":4},"end":{"line":167,"column":null}},"35":{"start":{"line":167,"column":14},"end":{"line":167,"column":null}},"36":{"start":{"line":168,"column":19},"end":{"line":168,"column":null}},"37":{"start":{"line":169,"column":4},"end":{"line":169,"column":null}},"38":{"start":{"line":173,"column":22},"end":{"line":173,"column":null}},"39":{"start":{"line":176,"column":32},"end":{"line":176,"column":null}},"40":{"start":{"line":177,"column":25},"end":{"line":177,"column":null}},"41":{"start":{"line":178,"column":2},"end":{"line":187,"column":null}},"42":{"start":{"line":179,"column":18},"end":{"line":179,"column":null}},"43":{"start":{"line":180,"column":4},"end":{"line":186,"column":null}},"44":{"start":{"line":181,"column":6},"end":{"line":185,"column":null}},"45":{"start":{"line":189,"column":2},"end":{"line":200,"column":null}},"46":{"start":{"line":204,"column":14},"end":{"line":204,"column":null}},"47":{"start":{"line":205,"column":2},"end":{"line":205,"column":null}},"48":{"start":{"line":206,"column":2},"end":{"line":206,"column":null}},"49":{"start":{"line":210,"column":12},"end":{"line":210,"column":null}},"50":{"start":{"line":211,"column":8},"end":{"line":211,"column":null}},"51":{"start":{"line":212,"column":12},"end":{"line":212,"column":null}},"52":{"start":{"line":213,"column":12},"end":{"line":213,"column":null}},"53":{"start":{"line":214,"column":14},"end":{"line":214,"column":null}},"54":{"start":{"line":215,"column":2},"end":{"line":215,"column":null}}},"fnMap":{"0":{"name":"renderTodoForm","decl":{"start":{"line":19,"column":16},"end":{"line":19,"column":null}},"loc":{"start":{"line":25,"column":10},"end":{"line":135,"column":null}},"line":25},"1":{"name":"(anonymous_1)","decl":{"start":{"line":56,"column":39},"end":{"line":56,"column":46}},"loc":{"start":{"line":56,"column":46},"end":{"line":58,"column":null}},"line":56},"2":{"name":"(anonymous_2)","decl":{"start":{"line":66,"column":37},"end":{"line":66,"column":44}},"loc":{"start":{"line":66,"column":44},"end":{"line":68,"column":null}},"line":66},"3":{"name":"(anonymous_3)","decl":{"start":{"line":84,"column":34},"end":{"line":84,"column":41}},"loc":{"start":{"line":84,"column":41},"end":{"line":84,"column":55}},"line":84},"4":{"name":"(anonymous_4)","decl":{"start":{"line":84,"column":61},"end":{"line":84,"column":68}},"loc":{"start":{"line":84,"column":68},"end":{"line":86,"column":null}},"line":84},"5":{"name":"(anonymous_5)","decl":{"start":{"line":112,"column":36},"end":{"line":112,"column":44}},"loc":{"start":{"line":112,"column":44},"end":{"line":121,"column":15}},"line":112},"6":{"name":"(anonymous_6)","decl":{"start":{"line":113,"column":48},"end":{"line":113,"column":49}},"loc":{"start":{"line":113,"column":65},"end":{"line":113,"column":90}},"line":113},"7":{"name":"getFormData","decl":{"start":{"line":150,"column":16},"end":{"line":150,"column":51}},"loc":{"start":{"line":150,"column":51},"end":{"line":201,"column":null}},"line":150},"8":{"name":"(anonymous_8)","decl":{"start":{"line":165,"column":29},"end":{"line":165,"column":35}},"loc":{"start":{"line":165,"column":35},"end":{"line":170,"column":5}},"line":165},"9":{"name":"(anonymous_9)","decl":{"start":{"line":178,"column":25},"end":{"line":178,"column":26}},"loc":{"start":{"line":178,"column":36},"end":{"line":187,"column":3}},"line":178},"10":{"name":"escapeHtml","decl":{"start":{"line":203,"column":9},"end":{"line":203,"column":20}},"loc":{"start":{"line":203,"column":42},"end":{"line":207,"column":null}},"line":203},"11":{"name":"formatDisplayDate","decl":{"start":{"line":209,"column":9},"end":{"line":209,"column":27}},"loc":{"start":{"line":209,"column":47},"end":{"line":216,"column":null}},"line":209}},"branchMap":{"0":{"loc":{"start":{"line":27,"column":16},"end":{"line":27,"column":null}},"type":"cond-expr","locations":[{"start":{"line":27,"column":16},"end":{"line":27,"column":41}},{"start":{"line":27,"column":37},"end":{"line":27,"column":null}}],"line":27},"1":{"loc":{"start":{"line":29,"column":15},"end":{"line":29,"column":null}},"type":"binary-expr","locations":[{"start":{"line":29,"column":15},"end":{"line":29,"column":29}},{"start":{"line":29,"column":29},"end":{"line":29,"column":null}}],"line":29},"2":{"loc":{"start":{"line":30,"column":16},"end":{"line":30,"column":null}},"type":"binary-expr","locations":[{"start":{"line":30,"column":16},"end":{"line":30,"column":31}},{"start":{"line":30,"column":31},"end":{"line":30,"column":null}}],"line":30},"3":{"loc":{"start":{"line":31,"column":23},"end":{"line":31,"column":null}},"type":"binary-expr","locations":[{"start":{"line":31,"column":23},"end":{"line":31,"column":49}},{"start":{"line":31,"column":49},"end":{"line":31,"column":null}}],"line":31},"4":{"loc":{"start":{"line":32,"column":19},"end":{"line":32,"column":null}},"type":"binary-expr","locations":[{"start":{"line":32,"column":19},"end":{"line":32,"column":37}},{"start":{"line":32,"column":37},"end":{"line":32,"column":null}}],"line":32},"5":{"loc":{"start":{"line":33,"column":17},"end":{"line":33,"column":null}},"type":"binary-expr","locations":[{"start":{"line":33,"column":17},"end":{"line":33,"column":33}},{"start":{"line":33,"column":33},"end":{"line":33,"column":null}}],"line":33},"6":{"loc":{"start":{"line":34,"column":21},"end":{"line":34,"column":null}},"type":"binary-expr","locations":[{"start":{"line":34,"column":21},"end":{"line":34,"column":42}},{"start":{"line":34,"column":42},"end":{"line":34,"column":null}}],"line":34},"7":{"loc":{"start":{"line":35,"column":18},"end":{"line":35,"column":null}},"type":"binary-expr","locations":[{"start":{"line":35,"column":18},"end":{"line":35,"column":36}},{"start":{"line":35,"column":36},"end":{"line":35,"column":null}}],"line":35},"8":{"loc":{"start":{"line":36,"column":22},"end":{"line":36,"column":null}},"type":"binary-expr","locations":[{"start":{"line":36,"column":22},"end":{"line":36,"column":44}},{"start":{"line":36,"column":44},"end":{"line":36,"column":null}}],"line":36},"9":{"loc":{"start":{"line":37,"column":20},"end":{"line":37,"column":null}},"type":"cond-expr","locations":[{"start":{"line":37,"column":20},"end":{"line":37,"column":60}},{"start":{"line":37,"column":60},"end":{"line":37,"column":null}}],"line":37},"10":{"loc":{"start":{"line":43,"column":16},"end":{"line":43,"column":35}},"type":"cond-expr","locations":[{"start":{"line":43,"column":25},"end":{"line":43,"column":32}},{"start":{"line":43,"column":32},"end":{"line":43,"column":35}}],"line":43},"11":{"loc":{"start":{"line":57,"column":49},"end":{"line":57,"column":89}},"type":"cond-expr","locations":[{"start":{"line":57,"column":74},"end":{"line":57,"column":87}},{"start":{"line":57,"column":87},"end":{"line":57,"column":89}}],"line":57},"12":{"loc":{"start":{"line":67,"column":49},"end":{"line":67,"column":87}},"type":"cond-expr","locations":[{"start":{"line":67,"column":72},"end":{"line":67,"column":85}},{"start":{"line":67,"column":85},"end":{"line":67,"column":87}}],"line":67},"13":{"loc":{"start":{"line":77,"column":69},"end":{"line":77,"column":117}},"type":"cond-expr","locations":[{"start":{"line":77,"column":86},"end":{"line":77,"column":115}},{"start":{"line":77,"column":115},"end":{"line":77,"column":117}}],"line":77},"14":{"loc":{"start":{"line":85,"column":44},"end":{"line":85,"column":83}},"type":"cond-expr","locations":[{"start":{"line":85,"column":68},"end":{"line":85,"column":81}},{"start":{"line":85,"column":81},"end":{"line":85,"column":83}}],"line":85},"15":{"loc":{"start":{"line":94,"column":58},"end":{"line":94,"column":82}},"type":"cond-expr","locations":[{"start":{"line":94,"column":68},"end":{"line":94,"column":80}},{"start":{"line":94,"column":80},"end":{"line":94,"column":82}}],"line":94},"16":{"loc":{"start":{"line":117,"column":24},"end":{"line":117,"column":72}},"type":"cond-expr","locations":[{"start":{"line":117,"column":58},"end":{"line":117,"column":70}},{"start":{"line":117,"column":70},"end":{"line":117,"column":72}}],"line":117},"17":{"loc":{"start":{"line":117,"column":24},"end":{"line":117,"column":58}},"type":"binary-expr","locations":[{"start":{"line":117,"column":24},"end":{"line":117,"column":36}},{"start":{"line":117,"column":36},"end":{"line":117,"column":58}}],"line":117},"18":{"loc":{"start":{"line":118,"column":22},"end":{"line":118,"column":83}},"type":"cond-expr","locations":[{"start":{"line":118,"column":31},"end":{"line":118,"column":52}},{"start":{"line":118,"column":52},"end":{"line":118,"column":83}}],"line":118},"19":{"loc":{"start":{"line":126,"column":12},"end":{"line":126,"column":120}},"type":"cond-expr","locations":[{"start":{"line":126,"column":21},"end":{"line":126,"column":118}},{"start":{"line":126,"column":118},"end":{"line":126,"column":120}}],"line":126},"20":{"loc":{"start":{"line":160,"column":2},"end":{"line":163,"column":null}},"type":"if","locations":[{"start":{"line":160,"column":2},"end":{"line":163,"column":null}},{"start":{},"end":{}}],"line":160},"21":{"loc":{"start":{"line":160,"column":6},"end":{"line":160,"column":51}},"type":"binary-expr","locations":[{"start":{"line":160,"column":6},"end":{"line":160,"column":20}},{"start":{"line":160,"column":20},"end":{"line":160,"column":51}}],"line":160},"22":{"loc":{"start":{"line":167,"column":4},"end":{"line":167,"column":null}},"type":"if","locations":[{"start":{"line":167,"column":4},"end":{"line":167,"column":null}},{"start":{},"end":{}}],"line":167},"23":{"loc":{"start":{"line":173,"column":22},"end":{"line":173,"column":null}},"type":"binary-expr","locations":[{"start":{"line":173,"column":22},"end":{"line":173,"column":52}},{"start":{"line":173,"column":52},"end":{"line":173,"column":null}}],"line":173},"24":{"loc":{"start":{"line":180,"column":4},"end":{"line":186,"column":null}},"type":"if","locations":[{"start":{"line":180,"column":4},"end":{"line":186,"column":null}},{"start":{},"end":{}}],"line":180},"25":{"loc":{"start":{"line":183,"column":33},"end":{"line":183,"column":61}},"type":"binary-expr","locations":[{"start":{"line":183,"column":33},"end":{"line":183,"column":58}},{"start":{"line":183,"column":58},"end":{"line":183,"column":61}}],"line":183},"26":{"loc":{"start":{"line":191,"column":13},"end":{"line":191,"column":null}},"type":"cond-expr","locations":[{"start":{"line":191,"column":20},"end":{"line":191,"column":41}},{"start":{"line":191,"column":41},"end":{"line":191,"column":null}}],"line":191},"27":{"loc":{"start":{"line":192,"column":20},"end":{"line":192,"column":null}},"type":"binary-expr","locations":[{"start":{"line":192,"column":20},"end":{"line":192,"column":49}},{"start":{"line":192,"column":49},"end":{"line":192,"column":null}}],"line":192},"28":{"loc":{"start":{"line":197,"column":16},"end":{"line":197,"column":null}},"type":"binary-expr","locations":[{"start":{"line":197,"column":16},"end":{"line":197,"column":40}},{"start":{"line":197,"column":40},"end":{"line":197,"column":null}}],"line":197}},"s":{"0":1,"1":1,"2":29,"3":29,"4":29,"5":29,"6":29,"7":29,"8":29,"9":29,"10":29,"11":29,"12":29,"13":29,"14":116,"15":116,"16":5,"17":4,"18":116,"19":4,"20":116,"21":0,"22":0,"23":0,"24":0,"25":0,"26":0,"27":0,"28":0,"29":0,"30":0,"31":0,"32":0,"33":0,"34":0,"35":0,"36":0,"37":0,"38":0,"39":0,"40":0,"41":0,"42":0,"43":0,"44":0,"45":0,"46":87,"47":87,"48":87,"49":0,"50":0,"51":0,"52":0,"53":0,"54":0},"f":{"0":29,"1":116,"2":116,"3":5,"4":4,"5":116,"6":4,"7":0,"8":0,"9":0,"10":87,"11":0},"b":{"0":[14,15],"1":[29,15],"2":[29,27],"3":[29,29],"4":[29,15],"5":[29,15],"6":[29,28],"7":[29,28],"8":[29,27],"9":[14,15],"10":[14,15],"11":[29,87],"12":[29,87],"13":[1,28],"14":[1,3],"15":[1,28],"16":[1,115],"17":[116,1],"18":[29,87],"19":[14,15],"20":[0,0],"21":[0,0],"22":[0,0],"23":[0,0],"24":[0,0],"25":[0,0],"26":[0,0],"27":[0,0],"28":[0,0]},"meta":{"lastBranch":29,"lastFunction":12,"lastStatement":55,"seen":{"s:5:25:10:Infinity":0,"s:12:23:17:Infinity":1,"f:19:16:19:Infinity":0,"s:26:17:26:Infinity":2,"s:27:16:27:Infinity":3,"b:27:16:27:41:27:37:27:Infinity":0,"s:29:15:29:Infinity":4,"b:29:15:29:29:29:29:29:Infinity":1,"s:30:16:30:Infinity":5,"b:30:16:30:31:30:31:30:Infinity":2,"s:31:23:31:Infinity":6,"b:31:23:31:49:31:49:31:Infinity":3,"s:32:19:32:Infinity":7,"b:32:19:32:37:32:37:32:Infinity":4,"s:33:17:33:Infinity":8,"b:33:17:33:33:33:33:33:Infinity":5,"s:34:21:34:Infinity":9,"b:34:21:34:42:34:42:34:Infinity":6,"s:35:18:35:Infinity":10,"b:35:18:35:36:35:36:35:Infinity":7,"s:36:22:36:Infinity":11,"b:36:22:36:44:36:44:36:Infinity":8,"s:37:20:37:Infinity":12,"b:37:20:37:60:37:60:37:Infinity":9,"s:39:2:129:Infinity":13,"b:43:25:43:32:43:32:43:35":10,"f:56:39:56:46":1,"s:56:46:58:Infinity":14,"b:57:74:57:87:57:87:57:89":11,"f:66:37:66:44":2,"s:66:44:68:Infinity":15,"b:67:72:67:85:67:85:67:87":12,"b:77:86:77:115:77:115:77:117":13,"f:84:34:84:41":3,"s:84:41:84:55":16,"f:84:61:84:68":4,"s:84:68:86:Infinity":17,"b:85:68:85:81:85:81:85:83":14,"b:94:68:94:80:94:80:94:82":15,"f:112:36:112:44":5,"s:113:33:113:Infinity":18,"f:113:48:113:49":6,"s:113:65:113:90":19,"s:114:16:118:Infinity":20,"b:117:58:117:70:117:70:117:72":16,"b:117:24:117:36:117:36:117:58":17,"b:118:31:118:52:118:52:118:83":18,"b:126:21:126:118:126:118:126:120":19,"f:150:16:150:51":7,"s:151:20:151:Infinity":21,"s:152:23:152:Infinity":22,"s:153:25:153:Infinity":23,"s:154:23:154:Infinity":24,"s:155:25:155:Infinity":25,"s:156:26:156:Infinity":26,"s:157:24:157:Infinity":27,"s:158:23:158:Infinity":28,"b:160:2:163:Infinity:undefined:undefined:undefined:undefined":20,"s:160:2:163:Infinity":29,"b:160:6:160:20:160:20:160:51":21,"s:161:4:161:Infinity":30,"s:162:4:162:Infinity":31,"s:165:24:170:Infinity":32,"f:165:29:165:35":8,"s:166:16:166:Infinity":33,"b:167:4:167:Infinity:undefined:undefined:undefined:undefined":22,"s:167:4:167:Infinity":34,"s:167:14:167:Infinity":35,"s:168:19:168:Infinity":36,"s:169:4:169:Infinity":37,"s:173:22:173:Infinity":38,"b:173:22:173:52:173:52:173:Infinity":23,"s:176:32:176:Infinity":39,"s:177:25:177:Infinity":40,"s:178:2:187:Infinity":41,"f:178:25:178:26":9,"s:179:18:179:Infinity":42,"b:180:4:186:Infinity:undefined:undefined:undefined:undefined":24,"s:180:4:186:Infinity":43,"s:181:6:185:Infinity":44,"b:183:33:183:58:183:58:183:61":25,"s:189:2:200:Infinity":45,"b:191:20:191:41:191:41:191:Infinity":26,"b:192:20:192:49:192:49:192:Infinity":27,"b:197:16:197:40:197:40:197:Infinity":28,"f:203:9:203:20":10,"s:204:14:204:Infinity":46,"s:205:2:205:Infinity":47,"s:206:2:206:Infinity":48,"f:209:9:209:27":11,"s:210:12:210:Infinity":49,"s:211:8:211:Infinity":50,"s:212:12:212:Infinity":51,"s:213:12:213:Infinity":52,"s:214:14:214:Infinity":53,"s:215:2:215:Infinity":54}}}
,"D:\\Claude_Project\\Personal_to-do_software\\src\\components\\TodoItem.ts": {"path":"D:\\Claude_Project\\Personal_to-do_software\\src\\components\\TodoItem.ts","statementMap":{"0":{"start":{"line":5,"column":48},"end":{"line":10,"column":null}},"1":{"start":{"line":12,"column":45},"end":{"line":17,"column":null}},"2":{"start":{"line":27,"column":24},"end":{"line":27,"column":null}},"3":{"start":{"line":28,"column":21},"end":{"line":28,"column":null}},"4":{"start":{"line":29,"column":8},"end":{"line":29,"column":null}},"5":{"start":{"line":30,"column":22},"end":{"line":30,"column":null}},"6":{"start":{"line":32,"column":48},"end":{"line":37,"column":null}},"7":{"start":{"line":39,"column":23},"end":{"line":39,"column":null}},"8":{"start":{"line":40,"column":2},"end":{"line":44,"column":null}},"9":{"start":{"line":41,"column":4},"end":{"line":41,"column":null}},"10":{"start":{"line":42,"column":2},"end":{"line":44,"column":null}},"11":{"start":{"line":43,"column":4},"end":{"line":43,"column":null}},"12":{"start":{"line":46,"column":21},"end":{"line":46,"column":null}},"13":{"start":{"line":47,"column":17},"end":{"line":47,"column":null}},"14":{"start":{"line":49,"column":2},"end":{"line":74,"column":null}},"15":{"start":{"line":82,"column":14},"end":{"line":82,"column":null}},"16":{"start":{"line":83,"column":2},"end":{"line":83,"column":null}},"17":{"start":{"line":84,"column":2},"end":{"line":84,"column":null}}},"fnMap":{"0":{"name":"renderTodoItem","decl":{"start":{"line":19,"column":16},"end":{"line":19,"column":null}},"loc":{"start":{"line":26,"column":10},"end":{"line":79,"column":null}},"line":26},"1":{"name":"escapeHtml","decl":{"start":{"line":81,"column":9},"end":{"line":81,"column":20}},"loc":{"start":{"line":81,"column":42},"end":{"line":85,"column":null}},"line":81}},"branchMap":{"0":{"loc":{"start":{"line":27,"column":24},"end":{"line":27,"column":null}},"type":"binary-expr","locations":[{"start":{"line":27,"column":24},"end":{"line":27,"column":58}},{"start":{"line":27,"column":58},"end":{"line":27,"column":null}}],"line":27},"1":{"loc":{"start":{"line":28,"column":21},"end":{"line":28,"column":null}},"type":"binary-expr","locations":[{"start":{"line":28,"column":21},"end":{"line":28,"column":50}},{"start":{"line":28,"column":50},"end":{"line":28,"column":null}}],"line":28},"2":{"loc":{"start":{"line":40,"column":2},"end":{"line":44,"column":null}},"type":"if","locations":[{"start":{"line":40,"column":2},"end":{"line":44,"column":null}},{"start":{"line":42,"column":2},"end":{"line":44,"column":null}}],"line":40},"3":{"loc":{"start":{"line":42,"column":2},"end":{"line":44,"column":null}},"type":"if","locations":[{"start":{"line":42,"column":2},"end":{"line":44,"column":null}},{"start":{},"end":{}}],"line":42},"4":{"loc":{"start":{"line":46,"column":21},"end":{"line":46,"column":null}},"type":"cond-expr","locations":[{"start":{"line":46,"column":37},"end":{"line":46,"column":83}},{"start":{"line":46,"column":83},"end":{"line":46,"column":null}}],"line":46},"5":{"loc":{"start":{"line":47,"column":17},"end":{"line":47,"column":null}},"type":"cond-expr","locations":[{"start":{"line":47,"column":31},"end":{"line":47,"column":38}},{"start":{"line":47,"column":38},"end":{"line":47,"column":null}}],"line":47},"6":{"loc":{"start":{"line":50,"column":28},"end":{"line":50,"column":56}},"type":"cond-expr","locations":[{"start":{"line":50,"column":41},"end":{"line":50,"column":54}},{"start":{"line":50,"column":54},"end":{"line":50,"column":56}}],"line":50},"7":{"loc":{"start":{"line":50,"column":60},"end":{"line":50,"column":106}},"type":"cond-expr","locations":[{"start":{"line":50,"column":90},"end":{"line":50,"column":104}},{"start":{"line":50,"column":104},"end":{"line":50,"column":106}}],"line":50},"8":{"loc":{"start":{"line":59,"column":93},"end":{"line":59,"column":144}},"type":"binary-expr","locations":[{"start":{"line":59,"column":93},"end":{"line":59,"column":125}},{"start":{"line":59,"column":120},"end":{"line":59,"column":144}}],"line":59},"9":{"loc":{"start":{"line":63,"column":14},"end":{"line":63,"column":104}},"type":"cond-expr","locations":[{"start":{"line":63,"column":31},"end":{"line":63,"column":102}},{"start":{"line":63,"column":102},"end":{"line":63,"column":104}}],"line":63},"10":{"loc":{"start":{"line":65,"column":75},"end":{"line":65,"column":126}},"type":"binary-expr","locations":[{"start":{"line":65,"column":75},"end":{"line":65,"column":107}},{"start":{"line":65,"column":102},"end":{"line":65,"column":126}}],"line":65},"11":{"loc":{"start":{"line":69,"column":12},"end":{"line":73,"column":16}},"type":"cond-expr","locations":[{"start":{"line":69,"column":26},"end":{"line":71,"column":null}},{"start":{"line":73,"column":14},"end":{"line":73,"column":16}}],"line":69}},"s":{"0":1,"1":1,"2":21,"3":21,"4":21,"5":21,"6":21,"7":21,"8":21,"9":0,"10":21,"11":0,"12":21,"13":21,"14":21,"15":21,"16":21,"17":21},"f":{"0":21,"1":21},"b":{"0":[21,0],"1":[21,0],"2":[0,21],"3":[0,21],"4":[1,20],"5":[1,20],"6":[1,20],"7":[2,19],"8":[21,0],"9":[0,21],"10":[21,0],"11":[1,20]},"meta":{"lastBranch":12,"lastFunction":2,"lastStatement":18,"seen":{"s:5:48:10:Infinity":0,"s:12:45:17:Infinity":1,"f:19:16:19:Infinity":0,"s:27:24:27:Infinity":2,"b:27:24:27:58:27:58:27:Infinity":0,"s:28:21:28:Infinity":3,"b:28:21:28:50:28:50:28:Infinity":1,"s:29:8:29:Infinity":4,"s:30:22:30:Infinity":5,"s:32:48:37:Infinity":6,"s:39:23:39:Infinity":7,"b:40:2:44:Infinity:42:2:44:Infinity":2,"s:40:2:44:Infinity":8,"s:41:4:41:Infinity":9,"b:42:2:44:Infinity:undefined:undefined:undefined:undefined":3,"s:42:2:44:Infinity":10,"s:43:4:43:Infinity":11,"s:46:21:46:Infinity":12,"b:46:37:46:83:46:83:46:Infinity":4,"s:47:17:47:Infinity":13,"b:47:31:47:38:47:38:47:Infinity":5,"s:49:2:74:Infinity":14,"b:50:41:50:54:50:54:50:56":6,"b:50:90:50:104:50:104:50:106":7,"b:59:93:59:125:59:120:59:144":8,"b:63:31:63:102:63:102:63:104":9,"b:65:75:65:107:65:102:65:126":10,"b:69:26:71:Infinity:73:14:73:16":11,"f:81:9:81:20":1,"s:82:14:82:Infinity":15,"s:83:2:83:Infinity":16,"s:84:2:84:Infinity":17}}}
,"D:\\Claude_Project\\Personal_to-do_software\\src\\services\\i18n.ts": {"path":"D:\\Claude_Project\\Personal_to-do_software\\src\\services\\i18n.ts","statementMap":{"0":{"start":{"line":125,"column":53},"end":{"line":345,"column":null}},"1":{"start":{"line":347,"column":32},"end":{"line":347,"column":null}},"2":{"start":{"line":350,"column":2},"end":{"line":350,"column":null}},"3":{"start":{"line":354,"column":2},"end":{"line":354,"column":null}},"4":{"start":{"line":358,"column":2},"end":{"line":358,"column":null}},"5":{"start":{"line":362,"column":2},"end":{"line":362,"column":null}}},"fnMap":{"0":{"name":"setLanguage","decl":{"start":{"line":349,"column":16},"end":{"line":349,"column":28}},"loc":{"start":{"line":349,"column":44},"end":{"line":351,"column":null}},"line":349},"1":{"name":"getLanguage","decl":{"start":{"line":353,"column":16},"end":{"line":353,"column":40}},"loc":{"start":{"line":353,"column":40},"end":{"line":355,"column":null}},"line":353},"2":{"name":"t","decl":{"start":{"line":357,"column":16},"end":{"line":357,"column":18}},"loc":{"start":{"line":357,"column":51},"end":{"line":359,"column":null}},"line":357},"3":{"name":"getTranslations","decl":{"start":{"line":361,"column":16},"end":{"line":361,"column":48}},"loc":{"start":{"line":361,"column":48},"end":{"line":363,"column":null}},"line":361}},"branchMap":{},"s":{"0":10,"1":10,"2":198,"3":2,"4":2005,"5":2},"f":{"0":198,"1":2,"2":2005,"3":2},"b":{},"meta":{"lastBranch":0,"lastFunction":4,"lastStatement":6,"seen":{"s:125:53:345:Infinity":0,"s:347:32:347:Infinity":1,"f:349:16:349:28":0,"s:350:2:350:Infinity":2,"f:353:16:353:40":1,"s:354:2:354:Infinity":3,"f:357:16:357:18":2,"s:358:2:358:Infinity":4,"f:361:16:361:48":3,"s:362:2:362:Infinity":5}}}
,"D:\\Claude_Project\\Personal_to-do_software\\src\\services\\parser.ts": {"path":"D:\\Claude_Project\\Personal_to-do_software\\src\\services\\parser.ts","statementMap":{"0":{"start":{"line":3,"column":12},"end":{"line":3,"column":null}},"1":{"start":{"line":8,"column":5},"end":{"line":120,"column":null}},"2":{"start":{"line":13,"column":19},"end":{"line":13,"column":null}},"3":{"start":{"line":14,"column":21},"end":{"line":14,"column":null}},"4":{"start":{"line":15,"column":6},"end":{"line":15,"column":null}},"5":{"start":{"line":16,"column":6},"end":{"line":16,"column":null}},"6":{"start":{"line":23,"column":20},"end":{"line":23,"column":null}},"7":{"start":{"line":24,"column":21},"end":{"line":24,"column":null}},"8":{"start":{"line":25,"column":6},"end":{"line":25,"column":null}},"9":{"start":{"line":26,"column":6},"end":{"line":26,"column":null}},"10":{"start":{"line":33,"column":19},"end":{"line":33,"column":null}},"11":{"start":{"line":34,"column":21},"end":{"line":34,"column":null}},"12":{"start":{"line":35,"column":6},"end":{"line":35,"column":null}},"13":{"start":{"line":36,"column":6},"end":{"line":36,"column":null}},"14":{"start":{"line":43,"column":21},"end":{"line":43,"column":null}},"15":{"start":{"line":44,"column":6},"end":{"line":44,"column":null}},"16":{"start":{"line":45,"column":6},"end":{"line":45,"column":null}},"17":{"start":{"line":51,"column":26},"end":{"line":51,"column":null}},"18":{"start":{"line":57,"column":21},"end":{"line":57,"column":null}},"19":{"start":{"line":58,"column":6},"end":{"line":58,"column":null}},"20":{"start":{"line":59,"column":6},"end":{"line":59,"column":null}},"21":{"start":{"line":66,"column":21},"end":{"line":66,"column":null}},"22":{"start":{"line":67,"column":6},"end":{"line":67,"column":null}},"23":{"start":{"line":68,"column":6},"end":{"line":68,"column":null}},"24":{"start":{"line":75,"column":23},"end":{"line":75,"column":null}},"25":{"start":{"line":76,"column":24},"end":{"line":76,"column":null}},"26":{"start":{"line":77,"column":20},"end":{"line":77,"column":null}},"27":{"start":{"line":78,"column":23},"end":{"line":78,"column":null}},"28":{"start":{"line":79,"column":22},"end":{"line":79,"column":null}},"29":{"start":{"line":80,"column":6},"end":{"line":80,"column":null}},"30":{"start":{"line":80,"column":26},"end":{"line":80,"column":null}},"31":{"start":{"line":81,"column":21},"end":{"line":81,"column":null}},"32":{"start":{"line":82,"column":6},"end":{"line":82,"column":null}},"33":{"start":{"line":83,"column":6},"end":{"line":83,"column":null}},"34":{"start":{"line":90,"column":20},"end":{"line":90,"column":null}},"35":{"start":{"line":91,"column":18},"end":{"line":91,"column":null}},"36":{"start":{"line":92,"column":19},"end":{"line":92,"column":null}},"37":{"start":{"line":93,"column":21},"end":{"line":93,"column":null}},"38":{"start":{"line":94,"column":12},"end":{"line":94,"column":null}},"39":{"start":{"line":95,"column":6},"end":{"line":95,"column":null}},"40":{"start":{"line":102,"column":19},"end":{"line":102,"column":null}},"41":{"start":{"line":103,"column":20},"end":{"line":103,"column":null}},"42":{"start":{"line":104,"column":18},"end":{"line":104,"column":null}},"43":{"start":{"line":105,"column":19},"end":{"line":105,"column":null}},"44":{"start":{"line":106,"column":21},"end":{"line":106,"column":null}},"45":{"start":{"line":107,"column":6},"end":{"line":107,"column":null}},"46":{"start":{"line":114,"column":19},"end":{"line":114,"column":null}},"47":{"start":{"line":115,"column":20},"end":{"line":115,"column":null}},"48":{"start":{"line":116,"column":18},"end":{"line":116,"column":null}},"49":{"start":{"line":117,"column":6},"end":{"line":117,"column":null}},"50":{"start":{"line":123,"column":2},"end":{"line":125,"column":null}},"51":{"start":{"line":124,"column":4},"end":{"line":124,"column":null}},"52":{"start":{"line":127,"column":18},"end":{"line":127,"column":null}},"53":{"start":{"line":129,"column":2},"end":{"line":135,"column":null}},"54":{"start":{"line":130,"column":18},"end":{"line":130,"column":null}},"55":{"start":{"line":131,"column":4},"end":{"line":134,"column":null}},"56":{"start":{"line":132,"column":19},"end":{"line":132,"column":null}},"57":{"start":{"line":133,"column":6},"end":{"line":133,"column":null}},"58":{"start":{"line":138,"column":21},"end":{"line":138,"column":null}},"59":{"start":{"line":139,"column":2},"end":{"line":141,"column":null}},"60":{"start":{"line":140,"column":4},"end":{"line":140,"column":null}},"61":{"start":{"line":143,"column":2},"end":{"line":143,"column":null}},"62":{"start":{"line":149,"column":14},"end":{"line":149,"column":null}},"63":{"start":{"line":150,"column":15},"end":{"line":150,"column":null}},"64":{"start":{"line":151,"column":19},"end":{"line":151,"column":null}},"65":{"start":{"line":153,"column":8},"end":{"line":153,"column":null}},"66":{"start":{"line":155,"column":2},"end":{"line":171,"column":null}},"67":{"start":{"line":156,"column":4},"end":{"line":156,"column":null}},"68":{"start":{"line":157,"column":2},"end":{"line":171,"column":null}},"69":{"start":{"line":158,"column":4},"end":{"line":158,"column":null}},"70":{"start":{"line":159,"column":2},"end":{"line":171,"column":null}},"71":{"start":{"line":160,"column":4},"end":{"line":160,"column":null}},"72":{"start":{"line":161,"column":2},"end":{"line":171,"column":null}},"73":{"start":{"line":162,"column":23},"end":{"line":162,"column":null}},"74":{"start":{"line":163,"column":23},"end":{"line":163,"column":null}},"75":{"start":{"line":164,"column":21},"end":{"line":164,"column":null}},"76":{"start":{"line":165,"column":4},"end":{"line":165,"column":null}},"77":{"start":{"line":167,"column":4},"end":{"line":169,"column":null}},"78":{"start":{"line":168,"column":6},"end":{"line":168,"column":null}},"79":{"start":{"line":170,"column":4},"end":{"line":170,"column":null}},"80":{"start":{"line":175,"column":16},"end":{"line":175,"column":null}},"81":{"start":{"line":176,"column":18},"end":{"line":176,"column":null}},"82":{"start":{"line":177,"column":2},"end":{"line":177,"column":null}},"83":{"start":{"line":181,"column":2},"end":{"line":181,"column":null}},"84":{"start":{"line":185,"column":15},"end":{"line":185,"column":null}},"85":{"start":{"line":186,"column":16},"end":{"line":186,"column":null}},"86":{"start":{"line":187,"column":2},"end":{"line":189,"column":null}},"87":{"start":{"line":193,"column":15},"end":{"line":193,"column":null}},"88":{"start":{"line":194,"column":14},"end":{"line":194,"column":null}},"89":{"start":{"line":195,"column":2},"end":{"line":195,"column":null}},"90":{"start":{"line":196,"column":2},"end":{"line":196,"column":null}},"91":{"start":{"line":197,"column":15},"end":{"line":197,"column":null}},"92":{"start":{"line":198,"column":2},"end":{"line":198,"column":null}},"93":{"start":{"line":202,"column":2},"end":{"line":202,"column":null}},"94":{"start":{"line":202,"column":16},"end":{"line":202,"column":null}},"95":{"start":{"line":203,"column":15},"end":{"line":203,"column":null}},"96":{"start":{"line":204,"column":2},"end":{"line":204,"column":null}},"97":{"start":{"line":204,"column":16},"end":{"line":204,"column":null}},"98":{"start":{"line":205,"column":2},"end":{"line":205,"column":null}},"99":{"start":{"line":205,"column":18},"end":{"line":205,"column":null}},"100":{"start":{"line":206,"column":2},"end":{"line":206,"column":null}},"101":{"start":{"line":206,"column":18},"end":{"line":206,"column":null}},"102":{"start":{"line":207,"column":2},"end":{"line":207,"column":null}}},"fnMap":{"0":{"name":"(anonymous_0)","decl":{"start":{"line":12,"column":13},"end":{"line":12,"column":14}},"loc":{"start":{"line":12,"column":26},"end":{"line":17,"column":null}},"line":12},"1":{"name":"(anonymous_1)","decl":{"start":{"line":22,"column":13},"end":{"line":22,"column":14}},"loc":{"start":{"line":22,"column":26},"end":{"line":27,"column":null}},"line":22},"2":{"name":"(anonymous_2)","decl":{"start":{"line":32,"column":13},"end":{"line":32,"column":14}},"loc":{"start":{"line":32,"column":26},"end":{"line":37,"column":null}},"line":32},"3":{"name":"(anonymous_3)","decl":{"start":{"line":42,"column":13},"end":{"line":42,"column":14}},"loc":{"start":{"line":42,"column":26},"end":{"line":46,"column":null}},"line":42},"4":{"name":"(anonymous_4)","decl":{"start":{"line":51,"column":13},"end":{"line":51,"column":14}},"loc":{"start":{"line":51,"column":26},"end":{"line":51,"column":null}},"line":51},"5":{"name":"(anonymous_5)","decl":{"start":{"line":56,"column":13},"end":{"line":56,"column":14}},"loc":{"start":{"line":56,"column":26},"end":{"line":60,"column":null}},"line":56},"6":{"name":"(anonymous_6)","decl":{"start":{"line":65,"column":13},"end":{"line":65,"column":14}},"loc":{"start":{"line":65,"column":26},"end":{"line":69,"column":null}},"line":65},"7":{"name":"(anonymous_7)","decl":{"start":{"line":74,"column":13},"end":{"line":74,"column":14}},"loc":{"start":{"line":74,"column":20},"end":{"line":84,"column":null}},"line":74},"8":{"name":"(anonymous_8)","decl":{"start":{"line":89,"column":13},"end":{"line":89,"column":14}},"loc":{"start":{"line":89,"column":20},"end":{"line":96,"column":null}},"line":89},"9":{"name":"(anonymous_9)","decl":{"start":{"line":101,"column":13},"end":{"line":101,"column":14}},"loc":{"start":{"line":101,"column":20},"end":{"line":108,"column":null}},"line":101},"10":{"name":"(anonymous_10)","decl":{"start":{"line":113,"column":13},"end":{"line":113,"column":14}},"loc":{"start":{"line":113,"column":20},"end":{"line":118,"column":null}},"line":113},"11":{"name":"parseFlexibleDate","decl":{"start":{"line":122,"column":16},"end":{"line":122,"column":34}},"loc":{"start":{"line":122,"column":89},"end":{"line":144,"column":null}},"line":122},"12":{"name":"formatDisplayDate","decl":{"start":{"line":148,"column":16},"end":{"line":148,"column":34}},"loc":{"start":{"line":148,"column":54},"end":{"line":172,"column":null}},"line":148},"13":{"name":"formatTime","decl":{"start":{"line":174,"column":16},"end":{"line":174,"column":27}},"loc":{"start":{"line":174,"column":47},"end":{"line":178,"column":null}},"line":174},"14":{"name":"formatDateForDB","decl":{"start":{"line":180,"column":16},"end":{"line":180,"column":32}},"loc":{"start":{"line":180,"column":52},"end":{"line":182,"column":null}},"line":180},"15":{"name":"isToday","decl":{"start":{"line":184,"column":16},"end":{"line":184,"column":24}},"loc":{"start":{"line":184,"column":50},"end":{"line":190,"column":null}},"line":184},"16":{"name":"getDaysUntil","decl":{"start":{"line":192,"column":16},"end":{"line":192,"column":29}},"loc":{"start":{"line":192,"column":54},"end":{"line":199,"column":null}},"line":192},"17":{"name":"getDueDateClass","decl":{"start":{"line":201,"column":16},"end":{"line":201,"column":32}},"loc":{"start":{"line":201,"column":64},"end":{"line":208,"column":null}},"line":201}},"branchMap":{"0":{"loc":{"start":{"line":80,"column":6},"end":{"line":80,"column":null}},"type":"if","locations":[{"start":{"line":80,"column":6},"end":{"line":80,"column":null}},{"start":{},"end":{}}],"line":80},"1":{"loc":{"start":{"line":105,"column":19},"end":{"line":105,"column":null}},"type":"cond-expr","locations":[{"start":{"line":105,"column":26},"end":{"line":105,"column":43}},{"start":{"line":105,"column":43},"end":{"line":105,"column":null}}],"line":105},"2":{"loc":{"start":{"line":106,"column":21},"end":{"line":106,"column":null}},"type":"cond-expr","locations":[{"start":{"line":106,"column":28},"end":{"line":106,"column":45}},{"start":{"line":106,"column":45},"end":{"line":106,"column":null}}],"line":106},"3":{"loc":{"start":{"line":123,"column":2},"end":{"line":125,"column":null}},"type":"if","locations":[{"start":{"line":123,"column":2},"end":{"line":125,"column":null}},{"start":{},"end":{}}],"line":123},"4":{"loc":{"start":{"line":123,"column":6},"end":{"line":123,"column":37}},"type":"binary-expr","locations":[{"start":{"line":123,"column":6},"end":{"line":123,"column":16}},{"start":{"line":123,"column":16},"end":{"line":123,"column":37}}],"line":123},"5":{"loc":{"start":{"line":131,"column":4},"end":{"line":134,"column":null}},"type":"if","locations":[{"start":{"line":131,"column":4},"end":{"line":134,"column":null}},{"start":{},"end":{}}],"line":131},"6":{"loc":{"start":{"line":139,"column":2},"end":{"line":141,"column":null}},"type":"if","locations":[{"start":{"line":139,"column":2},"end":{"line":141,"column":null}},{"start":{},"end":{}}],"line":139},"7":{"loc":{"start":{"line":155,"column":2},"end":{"line":171,"column":null}},"type":"if","locations":[{"start":{"line":155,"column":2},"end":{"line":171,"column":null}},{"start":{"line":157,"column":2},"end":{"line":171,"column":null}}],"line":155},"8":{"loc":{"start":{"line":156,"column":11},"end":{"line":156,"column":null}},"type":"cond-expr","locations":[{"start":{"line":156,"column":27},"end":{"line":156,"column":54}},{"start":{"line":156,"column":54},"end":{"line":156,"column":null}}],"line":156},"9":{"loc":{"start":{"line":157,"column":2},"end":{"line":171,"column":null}},"type":"if","locations":[{"start":{"line":157,"column":2},"end":{"line":171,"column":null}},{"start":{"line":159,"column":2},"end":{"line":171,"column":null}}],"line":157},"10":{"loc":{"start":{"line":158,"column":11},"end":{"line":158,"column":null}},"type":"cond-expr","locations":[{"start":{"line":158,"column":27},"end":{"line":158,"column":54}},{"start":{"line":158,"column":54},"end":{"line":158,"column":null}}],"line":158},"11":{"loc":{"start":{"line":159,"column":2},"end":{"line":171,"column":null}},"type":"if","locations":[{"start":{"line":159,"column":2},"end":{"line":171,"column":null}},{"start":{"line":161,"column":2},"end":{"line":171,"column":null}}],"line":159},"12":{"loc":{"start":{"line":160,"column":11},"end":{"line":160,"column":null}},"type":"cond-expr","locations":[{"start":{"line":160,"column":27},"end":{"line":160,"column":34}},{"start":{"line":160,"column":34},"end":{"line":160,"column":null}}],"line":160},"13":{"loc":{"start":{"line":161,"column":2},"end":{"line":171,"column":null}},"type":"if","locations":[{"start":{"line":161,"column":2},"end":{"line":171,"column":null}},{"start":{"line":166,"column":9},"end":{"line":171,"column":null}}],"line":161},"14":{"loc":{"start":{"line":161,"column":13},"end":{"line":161,"column":44}},"type":"binary-expr","locations":[{"start":{"line":161,"column":13},"end":{"line":161,"column":29}},{"start":{"line":161,"column":29},"end":{"line":161,"column":44}}],"line":161},"15":{"loc":{"start":{"line":164,"column":21},"end":{"line":164,"column":null}},"type":"cond-expr","locations":[{"start":{"line":164,"column":37},"end":{"line":164,"column":50}},{"start":{"line":164,"column":50},"end":{"line":164,"column":null}}],"line":164},"16":{"loc":{"start":{"line":167,"column":4},"end":{"line":169,"column":null}},"type":"if","locations":[{"start":{"line":167,"column":4},"end":{"line":169,"column":null}},{"start":{},"end":{}}],"line":167},"17":{"loc":{"start":{"line":187,"column":9},"end":{"line":189,"column":null}},"type":"binary-expr","locations":[{"start":{"line":187,"column":9},"end":{"line":187,"column":null}},{"start":{"line":188,"column":9},"end":{"line":188,"column":null}},{"start":{"line":189,"column":9},"end":{"line":189,"column":null}}],"line":187},"18":{"loc":{"start":{"line":202,"column":2},"end":{"line":202,"column":null}},"type":"if","locations":[{"start":{"line":202,"column":2},"end":{"line":202,"column":null}},{"start":{},"end":{}}],"line":202},"19":{"loc":{"start":{"line":204,"column":2},"end":{"line":204,"column":null}},"type":"if","locations":[{"start":{"line":204,"column":2},"end":{"line":204,"column":null}},{"start":{},"end":{}}],"line":204},"20":{"loc":{"start":{"line":205,"column":2},"end":{"line":205,"column":null}},"type":"if","locations":[{"start":{"line":205,"column":2},"end":{"line":205,"column":null}},{"start":{},"end":{}}],"line":205},"21":{"loc":{"start":{"line":206,"column":2},"end":{"line":206,"column":null}},"type":"if","locations":[{"start":{"line":206,"column":2},"end":{"line":206,"column":null}},{"start":{},"end":{}}],"line":206}},"s":{"0":2,"1":2,"2":2,"3":2,"4":2,"5":2,"6":1,"7":1,"8":1,"9":1,"10":0,"11":0,"12":0,"13":0,"14":1,"15":1,"16":1,"17":0,"18":0,"19":0,"20":0,"21":0,"22":0,"23":0,"24":1,"25":1,"26":1,"27":1,"28":1,"29":1,"30":1,"31":1,"32":1,"33":1,"34":1,"35":1,"36":1,"37":1,"38":1,"39":1,"40":1,"41":1,"42":1,"43":1,"44":1,"45":1,"46":0,"47":0,"48":0,"49":0,"50":9,"51":1,"52":8,"53":8,"54":46,"55":46,"56":7,"57":7,"58":1,"59":1,"60":0,"61":1,"62":7,"63":7,"64":7,"65":7,"66":7,"67":1,"68":6,"69":1,"70":5,"71":1,"72":4,"73":3,"74":3,"75":3,"76":3,"77":1,"78":1,"79":0,"80":6,"81":6,"82":6,"83":0,"84":0,"85":0,"86":0,"87":0,"88":0,"89":0,"90":0,"91":0,"92":0,"93":21,"94":21,"95":0,"96":0,"97":0,"98":0,"99":0,"100":0,"101":0,"102":0},"f":{"0":2,"1":1,"2":0,"3":1,"4":0,"5":0,"6":0,"7":1,"8":1,"9":1,"10":0,"11":9,"12":7,"13":6,"14":0,"15":0,"16":0,"17":21},"b":{"0":[1,0],"1":[0,1],"2":[0,1],"3":[1,8],"4":[9,8],"5":[7,39],"6":[0,1],"7":[1,6],"8":[1,0],"9":[1,5],"10":[1,0],"11":[1,4],"12":[1,0],"13":[3,1],"14":[4,3],"15":[3,0],"16":[1,0],"17":[0,0,0],"18":[21,0],"19":[0,0],"20":[0,0],"21":[0,0]},"meta":{"lastBranch":22,"lastFunction":18,"lastStatement":103,"seen":{"s:3:12:3:Infinity":0,"s:8:5:120:Infinity":1,"f:12:13:12:14":0,"s:13:19:13:Infinity":2,"s:14:21:14:Infinity":3,"s:15:6:15:Infinity":4,"s:16:6:16:Infinity":5,"f:22:13:22:14":1,"s:23:20:23:Infinity":6,"s:24:21:24:Infinity":7,"s:25:6:25:Infinity":8,"s:26:6:26:Infinity":9,"f:32:13:32:14":2,"s:33:19:33:Infinity":10,"s:34:21:34:Infinity":11,"s:35:6:35:Infinity":12,"s:36:6:36:Infinity":13,"f:42:13:42:14":3,"s:43:21:43:Infinity":14,"s:44:6:44:Infinity":15,"s:45:6:45:Infinity":16,"f:51:13:51:14":4,"s:51:26:51:Infinity":17,"f:56:13:56:14":5,"s:57:21:57:Infinity":18,"s:58:6:58:Infinity":19,"s:59:6:59:Infinity":20,"f:65:13:65:14":6,"s:66:21:66:Infinity":21,"s:67:6:67:Infinity":22,"s:68:6:68:Infinity":23,"f:74:13:74:14":7,"s:75:23:75:Infinity":24,"s:76:24:76:Infinity":25,"s:77:20:77:Infinity":26,"s:78:23:78:Infinity":27,"s:79:22:79:Infinity":28,"b:80:6:80:Infinity:undefined:undefined:undefined:undefined":0,"s:80:6:80:Infinity":29,"s:80:26:80:Infinity":30,"s:81:21:81:Infinity":31,"s:82:6:82:Infinity":32,"s:83:6:83:Infinity":33,"f:89:13:89:14":8,"s:90:20:90:Infinity":34,"s:91:18:91:Infinity":35,"s:92:19:92:Infinity":36,"s:93:21:93:Infinity":37,"s:94:12:94:Infinity":38,"s:95:6:95:Infinity":39,"f:101:13:101:14":9,"s:102:19:102:Infinity":40,"s:103:20:103:Infinity":41,"s:104:18:104:Infinity":42,"s:105:19:105:Infinity":43,"b:105:26:105:43:105:43:105:Infinity":1,"s:106:21:106:Infinity":44,"b:106:28:106:45:106:45:106:Infinity":2,"s:107:6:107:Infinity":45,"f:113:13:113:14":10,"s:114:19:114:Infinity":46,"s:115:20:115:Infinity":47,"s:116:18:116:Infinity":48,"s:117:6:117:Infinity":49,"f:122:16:122:34":11,"b:123:2:125:Infinity:undefined:undefined:undefined:undefined":3,"s:123:2:125:Infinity":50,"b:123:6:123:16:123:16:123:37":4,"s:124:4:124:Infinity":51,"s:127:18:127:Infinity":52,"s:129:2:135:Infinity":53,"s:130:18:130:Infinity":54,"b:131:4:134:Infinity:undefined:undefined:undefined:undefined":5,"s:131:4:134:Infinity":55,"s:132:19:132:Infinity":56,"s:133:6:133:Infinity":57,"s:138:21:138:Infinity":58,"b:139:2:141:Infinity:undefined:undefined:undefined:undefined":6,"s:139:2:141:Infinity":59,"s:140:4:140:Infinity":60,"s:143:2:143:Infinity":61,"f:148:16:148:34":12,"s:149:14:149:Infinity":62,"s:150:15:150:Infinity":63,"s:151:19:151:Infinity":64,"s:153:8:153:Infinity":65,"b:155:2:171:Infinity:157:2:171:Infinity":7,"s:155:2:171:Infinity":66,"s:156:4:156:Infinity":67,"b:156:27:156:54:156:54:156:Infinity":8,"b:157:2:171:Infinity:159:2:171:Infinity":9,"s:157:2:171:Infinity":68,"s:158:4:158:Infinity":69,"b:158:27:158:54:158:54:158:Infinity":10,"b:159:2:171:Infinity:161:2:171:Infinity":11,"s:159:2:171:Infinity":70,"s:160:4:160:Infinity":71,"b:160:27:160:34:160:34:160:Infinity":12,"b:161:2:171:Infinity:166:9:171:Infinity":13,"s:161:2:171:Infinity":72,"b:161:13:161:29:161:29:161:44":14,"s:162:23:162:Infinity":73,"s:163:23:163:Infinity":74,"s:164:21:164:Infinity":75,"b:164:37:164:50:164:50:164:Infinity":15,"s:165:4:165:Infinity":76,"b:167:4:169:Infinity:undefined:undefined:undefined:undefined":16,"s:167:4:169:Infinity":77,"s:168:6:168:Infinity":78,"s:170:4:170:Infinity":79,"f:174:16:174:27":13,"s:175:16:175:Infinity":80,"s:176:18:176:Infinity":81,"s:177:2:177:Infinity":82,"f:180:16:180:32":14,"s:181:2:181:Infinity":83,"f:184:16:184:24":15,"s:185:15:185:Infinity":84,"s:186:16:186:Infinity":85,"s:187:2:189:Infinity":86,"b:187:9:187:Infinity:188:9:188:Infinity:189:9:189:Infinity":17,"f:192:16:192:29":16,"s:193:15:193:Infinity":87,"s:194:14:194:Infinity":88,"s:195:2:195:Infinity":89,"s:196:2:196:Infinity":90,"s:197:15:197:Infinity":91,"s:198:2:198:Infinity":92,"f:201:16:201:32":17,"b:202:2:202:Infinity:undefined:undefined:undefined:undefined":18,"s:202:2:202:Infinity":93,"s:202:16:202:Infinity":94,"s:203:15:203:Infinity":95,"b:204:2:204:Infinity:undefined:undefined:undefined:undefined":19,"s:204:2:204:Infinity":96,"s:204:16:204:Infinity":97,"b:205:2:205:Infinity:undefined:undefined:undefined:undefined":20,"s:205:2:205:Infinity":98,"s:205:18:205:Infinity":99,"b:206:2:206:Infinity:undefined:undefined:undefined:undefined":21,"s:206:2:206:Infinity":100,"s:206:18:206:Infinity":101,"s:207:2:207:Infinity":102}}}
,"D:\\Claude_Project\\Personal_to-do_software\\src\\services\\storage.ts": {"path":"D:\\Claude_Project\\Personal_to-do_software\\src\\services\\storage.ts","statementMap":{"0":{"start":{"line":6,"column":2},"end":{"line":6,"column":null}},"1":{"start":{"line":18,"column":2},"end":{"line":26,"column":null}},"2":{"start":{"line":42,"column":2},"end":{"line":54,"column":null}},"3":{"start":{"line":58,"column":2},"end":{"line":58,"column":null}},"4":{"start":{"line":63,"column":2},"end":{"line":63,"column":null}},"5":{"start":{"line":71,"column":2},"end":{"line":71,"column":null}},"6":{"start":{"line":80,"column":2},"end":{"line":80,"column":null}},"7":{"start":{"line":84,"column":2},"end":{"line":84,"column":null}},"8":{"start":{"line":88,"column":2},"end":{"line":88,"column":null}},"9":{"start":{"line":93,"column":2},"end":{"line":93,"column":null}},"10":{"start":{"line":103,"column":2},"end":{"line":103,"column":null}},"11":{"start":{"line":108,"column":2},"end":{"line":108,"column":null}},"12":{"start":{"line":112,"column":2},"end":{"line":112,"column":null}},"13":{"start":{"line":117,"column":2},"end":{"line":117,"column":null}},"14":{"start":{"line":122,"column":2},"end":{"line":122,"column":null}},"15":{"start":{"line":126,"column":2},"end":{"line":130,"column":null}},"16":{"start":{"line":127,"column":4},"end":{"line":127,"column":null}},"17":{"start":{"line":129,"column":4},"end":{"line":129,"column":null}},"18":{"start":{"line":134,"column":2},"end":{"line":134,"column":null}}},"fnMap":{"0":{"name":"getTodos","decl":{"start":{"line":5,"column":22},"end":{"line":5,"column":50}},"loc":{"start":{"line":5,"column":50},"end":{"line":7,"column":null}},"line":5},"1":{"name":"createTodo","decl":{"start":{"line":9,"column":22},"end":{"line":9,"column":null}},"loc":{"start":{"line":17,"column":17},"end":{"line":27,"column":null}},"line":17},"2":{"name":"updateTodo","decl":{"start":{"line":29,"column":22},"end":{"line":29,"column":null}},"loc":{"start":{"line":41,"column":17},"end":{"line":55,"column":null}},"line":41},"3":{"name":"deleteTodo","decl":{"start":{"line":57,"column":22},"end":{"line":57,"column":33}},"loc":{"start":{"line":57,"column":60},"end":{"line":59,"column":null}},"line":57},"4":{"name":"getCategories","decl":{"start":{"line":62,"column":22},"end":{"line":62,"column":59}},"loc":{"start":{"line":62,"column":59},"end":{"line":64,"column":null}},"line":62},"5":{"name":"createCategory","decl":{"start":{"line":66,"column":22},"end":{"line":66,"column":null}},"loc":{"start":{"line":70,"column":21},"end":{"line":72,"column":null}},"line":70},"6":{"name":"updateCategory","decl":{"start":{"line":74,"column":22},"end":{"line":74,"column":null}},"loc":{"start":{"line":79,"column":17},"end":{"line":81,"column":null}},"line":79},"7":{"name":"deleteCategory","decl":{"start":{"line":83,"column":22},"end":{"line":83,"column":37}},"loc":{"start":{"line":83,"column":64},"end":{"line":85,"column":null}},"line":83},"8":{"name":"reorderCategories","decl":{"start":{"line":87,"column":22},"end":{"line":87,"column":40}},"loc":{"start":{"line":87,"column":91},"end":{"line":89,"column":null}},"line":87},"9":{"name":"getSettings","decl":{"start":{"line":92,"column":22},"end":{"line":92,"column":55}},"loc":{"start":{"line":92,"column":55},"end":{"line":94,"column":null}},"line":92},"10":{"name":"updateSettings","decl":{"start":{"line":96,"column":22},"end":{"line":96,"column":null}},"loc":{"start":{"line":102,"column":17},"end":{"line":104,"column":null}},"line":102},"11":{"name":"setAutoStart","decl":{"start":{"line":107,"column":22},"end":{"line":107,"column":35}},"loc":{"start":{"line":107,"column":68},"end":{"line":109,"column":null}},"line":107},"12":{"name":"getAutoStart","decl":{"start":{"line":111,"column":22},"end":{"line":111,"column":55}},"loc":{"start":{"line":111,"column":55},"end":{"line":113,"column":null}},"line":111},"13":{"name":"resetDailyTodos","decl":{"start":{"line":116,"column":22},"end":{"line":116,"column":55}},"loc":{"start":{"line":116,"column":55},"end":{"line":118,"column":null}},"line":116},"14":{"name":"openPath","decl":{"start":{"line":121,"column":22},"end":{"line":121,"column":31}},"loc":{"start":{"line":121,"column":60},"end":{"line":123,"column":null}},"line":121},"15":{"name":"parseReminders","decl":{"start":{"line":125,"column":16},"end":{"line":125,"column":31}},"loc":{"start":{"line":125,"column":57},"end":{"line":131,"column":null}},"line":125},"16":{"name":"stringifyReminders","decl":{"start":{"line":133,"column":16},"end":{"line":133,"column":35}},"loc":{"start":{"line":133,"column":62},"end":{"line":135,"column":null}},"line":133}},"branchMap":{"0":{"loc":{"start":{"line":16,"column":2},"end":{"line":16,"column":null}},"type":"default-arg","locations":[{"start":{"line":16,"column":19},"end":{"line":16,"column":null}}],"line":16}},"s":{"0":2,"1":2,"2":1,"3":1,"4":1,"5":1,"6":1,"7":1,"8":1,"9":1,"10":1,"11":1,"12":1,"13":1,"14":1,"15":17,"16":17,"17":2,"18":2},"f":{"0":2,"1":2,"2":1,"3":1,"4":1,"5":1,"6":1,"7":1,"8":1,"9":1,"10":1,"11":1,"12":1,"13":1,"14":1,"15":17,"16":2},"b":{"0":[2]},"meta":{"lastBranch":1,"lastFunction":17,"lastStatement":19,"seen":{"f:5:22:5:50":0,"s:6:2:6:Infinity":0,"f:9:22:9:Infinity":1,"b:16:19:16:Infinity":0,"s:18:2:26:Infinity":1,"f:29:22:29:Infinity":2,"s:42:2:54:Infinity":2,"f:57:22:57:33":3,"s:58:2:58:Infinity":3,"f:62:22:62:59":4,"s:63:2:63:Infinity":4,"f:66:22:66:Infinity":5,"s:71:2:71:Infinity":5,"f:74:22:74:Infinity":6,"s:80:2:80:Infinity":6,"f:83:22:83:37":7,"s:84:2:84:Infinity":7,"f:87:22:87:40":8,"s:88:2:88:Infinity":8,"f:92:22:92:55":9,"s:93:2:93:Infinity":9,"f:96:22:96:Infinity":10,"s:103:2:103:Infinity":10,"f:107:22:107:35":11,"s:108:2:108:Infinity":11,"f:111:22:111:55":12,"s:112:2:112:Infinity":12,"f:116:22:116:55":13,"s:117:2:117:Infinity":13,"f:121:22:121:31":14,"s:122:2:122:Infinity":14,"f:125:16:125:31":15,"s:126:2:130:Infinity":15,"s:127:4:127:Infinity":16,"s:129:4:129:Infinity":17,"f:133:16:133:35":16,"s:134:2:134:Infinity":18}}}
,"D:\\Claude_Project\\Personal_to-do_software\\src\\setup\\mocks.ts": {"path":"D:\\Claude_Project\\Personal_to-do_software\\src\\setup\\mocks.ts","statementMap":{"0":{"start":{"line":4,"column":30},"end":{"line":23,"column":null}},"1":{"start":{"line":4,"column":72},"end":{"line":23,"column":null}},"2":{"start":{"line":25,"column":34},"end":{"line":34,"column":null}},"3":{"start":{"line":25,"column":84},"end":{"line":34,"column":null}},"4":{"start":{"line":36,"column":34},"end":{"line":43,"column":null}},"5":{"start":{"line":36,"column":84},"end":{"line":43,"column":null}},"6":{"start":{"line":56,"column":6},"end":{"line":56,"column":null}},"7":{"start":{"line":58,"column":2},"end":{"line":94,"column":null}},"8":{"start":{"line":59,"column":4},"end":{"line":93,"column":null}},"9":{"start":{"line":61,"column":8},"end":{"line":61,"column":null}},"10":{"start":{"line":63,"column":8},"end":{"line":63,"column":null}},"11":{"start":{"line":65,"column":8},"end":{"line":65,"column":null}},"12":{"start":{"line":67,"column":8},"end":{"line":67,"column":null}},"13":{"start":{"line":69,"column":8},"end":{"line":69,"column":null}},"14":{"start":{"line":71,"column":8},"end":{"line":71,"column":null}},"15":{"start":{"line":73,"column":8},"end":{"line":73,"column":null}},"16":{"start":{"line":75,"column":8},"end":{"line":75,"column":null}},"17":{"start":{"line":77,"column":8},"end":{"line":77,"column":null}},"18":{"start":{"line":79,"column":8},"end":{"line":79,"column":null}},"19":{"start":{"line":81,"column":8},"end":{"line":81,"column":null}},"20":{"start":{"line":83,"column":8},"end":{"line":83,"column":null}},"21":{"start":{"line":85,"column":8},"end":{"line":85,"column":null}},"22":{"start":{"line":87,"column":8},"end":{"line":87,"column":null}},"23":{"start":{"line":89,"column":8},"end":{"line":89,"column":null}},"24":{"start":{"line":91,"column":8},"end":{"line":91,"column":null}},"25":{"start":{"line":92,"column":8},"end":{"line":92,"column":null}},"26":{"start":{"line":98,"column":2},"end":{"line":98,"column":null}}},"fnMap":{"0":{"name":"(anonymous_0)","decl":{"start":{"line":4,"column":30},"end":{"line":4,"column":31}},"loc":{"start":{"line":4,"column":72},"end":{"line":23,"column":null}},"line":4},"1":{"name":"(anonymous_1)","decl":{"start":{"line":25,"column":34},"end":{"line":25,"column":35}},"loc":{"start":{"line":25,"column":84},"end":{"line":34,"column":null}},"line":25},"2":{"name":"(anonymous_2)","decl":{"start":{"line":36,"column":34},"end":{"line":36,"column":35}},"loc":{"start":{"line":36,"column":84},"end":{"line":43,"column":null}},"line":36},"3":{"name":"setupStorageMocks","decl":{"start":{"line":51,"column":16},"end":{"line":51,"column":34}},"loc":{"start":{"line":51,"column":69},"end":{"line":95,"column":null}},"line":51},"4":{"name":"(anonymous_4)","decl":{"start":{"line":58,"column":10},"end":{"line":58,"column":11}},"loc":{"start":{"line":58,"column":29},"end":{"line":94,"column":3}},"line":58},"5":{"name":"cleanupMocks","decl":{"start":{"line":97,"column":16},"end":{"line":97,"column":31}},"loc":{"start":{"line":97,"column":31},"end":{"line":99,"column":null}},"line":97}},"branchMap":{"0":{"loc":{"start":{"line":4,"column":31},"end":{"line":4,"column":72}},"type":"default-arg","locations":[{"start":{"line":4,"column":58},"end":{"line":4,"column":72}}],"line":4},"1":{"loc":{"start":{"line":25,"column":35},"end":{"line":25,"column":84}},"type":"default-arg","locations":[{"start":{"line":25,"column":66},"end":{"line":25,"column":84}}],"line":25},"2":{"loc":{"start":{"line":36,"column":35},"end":{"line":36,"column":84}},"type":"default-arg","locations":[{"start":{"line":36,"column":66},"end":{"line":36,"column":84}}],"line":36},"3":{"loc":{"start":{"line":51,"column":34},"end":{"line":51,"column":69}},"type":"default-arg","locations":[{"start":{"line":51,"column":65},"end":{"line":51,"column":69}}],"line":51},"4":{"loc":{"start":{"line":53,"column":4},"end":{"line":53,"column":null}},"type":"default-arg","locations":[{"start":{"line":53,"column":12},"end":{"line":53,"column":null}}],"line":53},"5":{"loc":{"start":{"line":54,"column":4},"end":{"line":54,"column":null}},"type":"default-arg","locations":[{"start":{"line":54,"column":17},"end":{"line":54,"column":null}}],"line":54},"6":{"loc":{"start":{"line":55,"column":4},"end":{"line":55,"column":null}},"type":"default-arg","locations":[{"start":{"line":55,"column":15},"end":{"line":55,"column":null}}],"line":55},"7":{"loc":{"start":{"line":59,"column":4},"end":{"line":93,"column":null}},"type":"switch","locations":[{"start":{"line":60,"column":6},"end":{"line":61,"column":null}},{"start":{"line":62,"column":6},"end":{"line":63,"column":null}},{"start":{"line":64,"column":6},"end":{"line":65,"column":null}},{"start":{"line":66,"column":6},"end":{"line":67,"column":null}},{"start":{"line":68,"column":6},"end":{"line":69,"column":null}},{"start":{"line":70,"column":6},"end":{"line":71,"column":null}},{"start":{"line":72,"column":6},"end":{"line":73,"column":null}},{"start":{"line":74,"column":6},"end":{"line":75,"column":null}},{"start":{"line":76,"column":6},"end":{"line":77,"column":null}},{"start":{"line":78,"column":6},"end":{"line":79,"column":null}},{"start":{"line":80,"column":6},"end":{"line":81,"column":null}},{"start":{"line":82,"column":6},"end":{"line":83,"column":null}},{"start":{"line":84,"column":6},"end":{"line":85,"column":null}},{"start":{"line":86,"column":6},"end":{"line":87,"column":null}},{"start":{"line":88,"column":6},"end":{"line":89,"column":null}},{"start":{"line":90,"column":6},"end":{"line":92,"column":null}}],"line":59}},"s":{"0":8,"1":117,"2":8,"3":30,"4":8,"5":1,"6":0,"7":0,"8":0,"9":0,"10":0,"11":0,"12":0,"13":0,"14":0,"15":0,"16":0,"17":0,"18":0,"19":0,"20":0,"21":0,"22":0,"23":0,"24":0,"25":0,"26":0},"f":{"0":117,"1":30,"2":1,"3":0,"4":0,"5":0},"b":{"0":[117],"1":[30],"2":[1],"3":[0],"4":[0],"5":[0],"6":[0],"7":[0,0,0,0,0,0,0,0,0,0,0,0,0,0,0,0]},"meta":{"lastBranch":8,"lastFunction":6,"lastStatement":27,"seen":{"s:4:30:23:Infinity":0,"f:4:30:4:31":0,"s:4:72:23:Infinity":1,"b:4:58:4:72":0,"s:25:34:34:Infinity":2,"f:25:34:25:35":1,"s:25:84:34:Infinity":3,"b:25:66:25:84":1,"s:36:34:43:Infinity":4,"f:36:34:36:35":2,"s:36:84:43:Infinity":5,"b:36:66:36:84":2,"f:51:16:51:34":3,"b:51:65:51:69":3,"s:56:6:56:Infinity":6,"b:53:12:53:Infinity":4,"b:54:17:54:Infinity":5,"b:55:15:55:Infinity":6,"s:58:2:94:Infinity":7,"f:58:10:58:11":4,"b:60:6:61:Infinity:62:6:63:Infinity:64:6:65:Infinity:66:6:67:Infinity:68:6:69:Infinity:70:6:71:Infinity:72:6:73:Infinity:74:6:75:Infinity:76:6:77:Infinity:78:6:79:Infinity:80:6:81:Infinity:82:6:83:Infinity:84:6:85:Infinity:86:6:87:Infinity:88:6:89:Infinity:90:6:92:Infinity":7,"s:59:4:93:Infinity":8,"s:61:8:61:Infinity":9,"s:63:8:63:Infinity":10,"s:65:8:65:Infinity":11,"s:67:8:67:Infinity":12,"s:69:8:69:Infinity":13,"s:71:8:71:Infinity":14,"s:73:8:73:Infinity":15,"s:75:8:75:Infinity":16,"s:77:8:77:Infinity":17,"s:79:8:79:Infinity":18,"s:81:8:81:Infinity":19,"s:83:8:83:Infinity":20,"s:85:8:85:Infinity":21,"s:87:8:87:Infinity":22,"s:89:8:89:Infinity":23,"s:91:8:91:Infinity":24,"s:92:8:92:Infinity":25,"f:97:16:97:31":5,"s:98:2:98:Infinity":26}}}
}
